Replace Part C1 Capacitor in C:\Users\ccben\Desktop\TS_20\ts_20-pcb-development\ts_20-Discharge-Module\200306 Discharge Module R2\CAN.SchDoc with Capacitor from ts_20-standard-library.DbLib
Replace Part C2 Capacitor in C:\Users\ccben\Desktop\TS_20\ts_20-pcb-development\ts_20-Discharge-Module\200306 Discharge Module R2\CAN.SchDoc with Capacitor from ts_20-standard-library.DbLib
Replace Part C3 Capacitor in C:\Users\ccben\Desktop\TS_20\ts_20-pcb-development\ts_20-Discharge-Module\200306 Discharge Module R2\CAN.SchDoc with Capacitor from ts_20-standard-library.DbLib
Replace Part C4 Capacitor in C:\Users\ccben\Desktop\TS_20\ts_20-pcb-development\ts_20-Discharge-Module\200306 Discharge Module R2\CAN.SchDoc with Capacitor from ts_20-standard-library.DbLib
Replace Part C5 Capacitor in C:\Users\ccben\Desktop\TS_20\ts_20-pcb-development\ts_20-Discharge-Module\200306 Discharge Module R2\CAN.SchDoc with Capacitor from ts_20-standard-library.DbLib
Replace Part C6 Capacitor in C:\Users\ccben\Desktop\TS_20\ts_20-pcb-development\ts_20-Discharge-Module\200306 Discharge Module R2\CAN.SchDoc with Capacitor from ts_20-standard-library.DbLib
Replace Part C7 Capacitor in C:\Users\ccben\Desktop\TS_20\ts_20-pcb-development\ts_20-Discharge-Module\200306 Discharge Module R2\CAN.SchDoc with Capacitor from ts_20-standard-library.DbLib
Replace Part C8 Capacitor in C:\Users\ccben\Desktop\TS_20\ts_20-pcb-development\ts_20-Discharge-Module\200306 Discharge Module R2\CAN.SchDoc with Capacitor from ts_20-standard-library.DbLib
Replace Part C9 Capacitor in C:\Users\ccben\Desktop\TS_20\ts_20-pcb-development\ts_20-Discharge-Module\200306 Discharge Module R2\CAN.SchDoc with Capacitor from ts_20-standard-library.DbLib
Replace Part C10 Capacitor in C:\Users\ccben\Desktop\TS_20\ts_20-pcb-development\ts_20-Discharge-Module\200306 Discharge Module R2\CAN.SchDoc with Capacitor from ts_20-standard-library.DbLib
Replace Part C11 Capacitor in C:\Users\ccben\Desktop\TS_20\ts_20-pcb-development\ts_20-Discharge-Module\200306 Discharge Module R2\CAN.SchDoc with Capacitor from ts_20-standard-library.DbLib
Replace Part C12 Capacitor in C:\Users\ccben\Desktop\TS_20\ts_20-pcb-development\ts_20-Discharge-Module\200306 Discharge Module R2\CAN.SchDoc with Capacitor from ts_20-standard-library.DbLib
Replace Part C13 Capacitor in C:\Users\ccben\Desktop\TS_20\ts_20-pcb-development\ts_20-Discharge-Module\200306 Discharge Module R2\CAN.SchDoc with Capacitor from ts_20-standard-library.DbLib
Replace Part CANH TP1 Test Point in C:\Users\ccben\Desktop\TS_20\ts_20-pcb-development\ts_20-Discharge-Module\200306 Discharge Module R2\CAN.SchDoc with Test Point from ts_20-standard-connectors.DbLib
Replace Part CANL TP1 Test Point in C:\Users\ccben\Desktop\TS_20\ts_20-pcb-development\ts_20-Discharge-Module\200306 Discharge Module R2\CAN.SchDoc with Test Point from ts_20-standard-connectors.DbLib
Replace Part CAN RX TP Test Point in C:\Users\ccben\Desktop\TS_20\ts_20-pcb-development\ts_20-Discharge-Module\200306 Discharge Module R2\CAN.SchDoc with Test Point from ts_20-standard-connectors.DbLib
Replace Part CAN TERM R1 Resistor in C:\Users\ccben\Desktop\TS_20\ts_20-pcb-development\ts_20-Discharge-Module\200306 Discharge Module R2\CAN.SchDoc with Resistor from ts_20-standard-library.DbLib
Replace Part CAN TERM R2 Resistor in C:\Users\ccben\Desktop\TS_20\ts_20-pcb-development\ts_20-Discharge-Module\200306 Discharge Module R2\CAN.SchDoc with Resistor from ts_20-standard-library.DbLib
Replace Part CAN TX TP Test Point in C:\Users\ccben\Desktop\TS_20\ts_20-pcb-development\ts_20-Discharge-Module\200306 Discharge Module R2\CAN.SchDoc with Test Point from ts_20-standard-connectors.DbLib
Replace Part R1 Resistor in C:\Users\ccben\Desktop\TS_20\ts_20-pcb-development\ts_20-Discharge-Module\200306 Discharge Module R2\CAN.SchDoc with Resistor from ts_20-standard-library.DbLib
Replace Part U1 ADM3053 in C:\Users\ccben\Desktop\TS_20\ts_20-pcb-development\ts_20-Discharge-Module\200306 Discharge Module R2\CAN.SchDoc with ADM3053 from ts_20-standard-library.DbLib
Replace Part U2 B82787C0104H002 in C:\Users\ccben\Desktop\TS_20\ts_20-pcb-development\ts_20-Discharge-Module\200306 Discharge Module R2\CAN.SchDoc with B82787C0104H002 from ts_20-standard-library.DbLib
Replace Part U3 NUP2105L in C:\Users\ccben\Desktop\TS_20\ts_20-pcb-development\ts_20-Discharge-Module\200306 Discharge Module R2\CAN.SchDoc with NUP2105L from ts_20-standard-library.DbLib
