Replace Part C37 Capacitor in C:\Users\ccben\Desktop\TS_20\ts_20-pcb-development\ts_20-Discharge-Module\200306 Discharge Module R2\HV Sense.SchDoc with Capacitor from ts_20-standard-library.DbLib
Replace Part C38 Capacitor in C:\Users\ccben\Desktop\TS_20\ts_20-pcb-development\ts_20-Discharge-Module\200306 Discharge Module R2\HV Sense.SchDoc with Capacitor from ts_20-standard-library.DbLib
Replace Part C39 Capacitor in C:\Users\ccben\Desktop\TS_20\ts_20-pcb-development\ts_20-Discharge-Module\200306 Discharge Module R2\HV Sense.SchDoc with Capacitor from ts_20-standard-library.DbLib
Replace Part C40 Capacitor in C:\Users\ccben\Desktop\TS_20\ts_20-pcb-development\ts_20-Discharge-Module\200306 Discharge Module R2\HV Sense.SchDoc with Capacitor from ts_20-standard-library.DbLib
Replace Part C41 Capacitor in C:\Users\ccben\Desktop\TS_20\ts_20-pcb-development\ts_20-Discharge-Module\200306 Discharge Module R2\HV Sense.SchDoc with Capacitor from ts_20-standard-library.DbLib
Replace Part C42 Capacitor in C:\Users\ccben\Desktop\TS_20\ts_20-pcb-development\ts_20-Discharge-Module\200306 Discharge Module R2\HV Sense.SchDoc with Capacitor from ts_20-standard-library.DbLib
Replace Part C43 Capacitor in C:\Users\ccben\Desktop\TS_20\ts_20-pcb-development\ts_20-Discharge-Module\200306 Discharge Module R2\HV Sense.SchDoc with Capacitor from ts_20-standard-library.DbLib
Replace Part C44 Capacitor in C:\Users\ccben\Desktop\TS_20\ts_20-pcb-development\ts_20-Discharge-Module\200306 Discharge Module R2\HV Sense.SchDoc with Capacitor from ts_20-standard-library.DbLib
Replace Part C45 Capacitor in C:\Users\ccben\Desktop\TS_20\ts_20-pcb-development\ts_20-Discharge-Module\200306 Discharge Module R2\HV Sense.SchDoc with Capacitor from ts_20-standard-library.DbLib
Replace Part C46 Capacitor in C:\Users\ccben\Desktop\TS_20\ts_20-pcb-development\ts_20-Discharge-Module\200306 Discharge Module R2\HV Sense.SchDoc with Capacitor from ts_20-standard-library.DbLib
Replace Part C47 Capacitor in C:\Users\ccben\Desktop\TS_20\ts_20-pcb-development\ts_20-Discharge-Module\200306 Discharge Module R2\HV Sense.SchDoc with Capacitor from ts_20-standard-library.DbLib
Replace Part R47 Resistor in C:\Users\ccben\Desktop\TS_20\ts_20-pcb-development\ts_20-Discharge-Module\200306 Discharge Module R2\HV Sense.SchDoc with Resistor from ts_20-standard-library.DbLib
Replace Part R48 Resistor in C:\Users\ccben\Desktop\TS_20\ts_20-pcb-development\ts_20-Discharge-Module\200306 Discharge Module R2\HV Sense.SchDoc with Resistor from ts_20-standard-library.DbLib
Replace Part R49 Resistor in C:\Users\ccben\Desktop\TS_20\ts_20-pcb-development\ts_20-Discharge-Module\200306 Discharge Module R2\HV Sense.SchDoc with Resistor from ts_20-standard-library.DbLib
Replace Part R50 Resistor in C:\Users\ccben\Desktop\TS_20\ts_20-pcb-development\ts_20-Discharge-Module\200306 Discharge Module R2\HV Sense.SchDoc with Resistor from ts_20-standard-library.DbLib
Replace Part R51 Resistor in C:\Users\ccben\Desktop\TS_20\ts_20-pcb-development\ts_20-Discharge-Module\200306 Discharge Module R2\HV Sense.SchDoc with Resistor from ts_20-standard-library.DbLib
Replace Part R52 Resistor in C:\Users\ccben\Desktop\TS_20\ts_20-pcb-development\ts_20-Discharge-Module\200306 Discharge Module R2\HV Sense.SchDoc with Resistor from ts_20-standard-library.DbLib
Replace Part R53 Resistor (Potentiometer) in C:\Users\ccben\Desktop\TS_20\ts_20-pcb-development\ts_20-Discharge-Module\200306 Discharge Module R2\HV Sense.SchDoc with Resistor (Potentiometer) from ts_20-standard-library.DbLib
Replace Part R54 Resistor in C:\Users\ccben\Desktop\TS_20\ts_20-pcb-development\ts_20-Discharge-Module\200306 Discharge Module R2\HV Sense.SchDoc with Resistor from ts_20-standard-library.DbLib
Replace Part R55 Resistor in C:\Users\ccben\Desktop\TS_20\ts_20-pcb-development\ts_20-Discharge-Module\200306 Discharge Module R2\HV Sense.SchDoc with Resistor from ts_20-standard-library.DbLib
Replace Part R56 Resistor in C:\Users\ccben\Desktop\TS_20\ts_20-pcb-development\ts_20-Discharge-Module\200306 Discharge Module R2\HV Sense.SchDoc with Resistor from ts_20-standard-library.DbLib
Replace Part R57 Resistor in C:\Users\ccben\Desktop\TS_20\ts_20-pcb-development\ts_20-Discharge-Module\200306 Discharge Module R2\HV Sense.SchDoc with Resistor from ts_20-standard-library.DbLib
Replace Part R58 Resistor in C:\Users\ccben\Desktop\TS_20\ts_20-pcb-development\ts_20-Discharge-Module\200306 Discharge Module R2\HV Sense.SchDoc with Resistor from ts_20-standard-library.DbLib
Replace Part R59 Resistor in C:\Users\ccben\Desktop\TS_20\ts_20-pcb-development\ts_20-Discharge-Module\200306 Discharge Module R2\HV Sense.SchDoc with Resistor from ts_20-standard-library.DbLib
Replace Part R60 Resistor (Potentiometer) in C:\Users\ccben\Desktop\TS_20\ts_20-pcb-development\ts_20-Discharge-Module\200306 Discharge Module R2\HV Sense.SchDoc with Resistor (Potentiometer) from ts_20-standard-library.DbLib
Replace Part R61 Resistor in C:\Users\ccben\Desktop\TS_20\ts_20-pcb-development\ts_20-Discharge-Module\200306 Discharge Module R2\HV Sense.SchDoc with Resistor from ts_20-standard-library.DbLib
Replace Part TSAL REF TP1 Test Point in C:\Users\ccben\Desktop\TS_20\ts_20-pcb-development\ts_20-Discharge-Module\200306 Discharge Module R2\HV Sense.SchDoc with Test Point from ts_20-standard-connectors.DbLib
Replace Part U15 ADS1115 in C:\Users\ccben\Desktop\TS_20\ts_20-pcb-development\ts_20-Discharge-Module\200306 Discharge Module R2\HV Sense.SchDoc with ADS1115 from ts_20-standard-library.DbLib
Replace Part U16 ADM3260 in C:\Users\ccben\Desktop\TS_20\ts_20-pcb-development\ts_20-Discharge-Module\200306 Discharge Module R2\HV Sense.SchDoc with ADM3260 from ts_20-standard-library.DbLib
Replace Part U17 LTV-817S-TA1 in C:\Users\ccben\Desktop\TS_20\ts_20-pcb-development\ts_20-Discharge-Module\200306 Discharge Module R2\HV Sense.SchDoc with LTV-817S-TA1 from ts_20-standard-library.DbLib
Replace Part U18 TS391ILT in C:\Users\ccben\Desktop\TS_20\ts_20-pcb-development\ts_20-Discharge-Module\200306 Discharge Module R2\HV Sense.SchDoc with TS391ILT from ts_20-standard-library.DbLib
