Replace Part BOOT1 Header 2x3 in C:\Users\ccben\Desktop\TS_20\ts_20-pcb-development\ts_20-Discharge-Module\200306 Discharge Module R2\Microcontroller.SchDoc with Header 2x3 from ts_20-standard-connectors.DbLib
Replace Part C14 Capacitor in C:\Users\ccben\Desktop\TS_20\ts_20-pcb-development\ts_20-Discharge-Module\200306 Discharge Module R2\Microcontroller.SchDoc with Capacitor from ts_20-standard-library.DbLib
Replace Part C15 Capacitor in C:\Users\ccben\Desktop\TS_20\ts_20-pcb-development\ts_20-Discharge-Module\200306 Discharge Module R2\Microcontroller.SchDoc with Capacitor from ts_20-standard-library.DbLib
Replace Part C16 Capacitor in C:\Users\ccben\Desktop\TS_20\ts_20-pcb-development\ts_20-Discharge-Module\200306 Discharge Module R2\Microcontroller.SchDoc with Capacitor from ts_20-standard-library.DbLib
Replace Part C17 Capacitor in C:\Users\ccben\Desktop\TS_20\ts_20-pcb-development\ts_20-Discharge-Module\200306 Discharge Module R2\Microcontroller.SchDoc with Capacitor from ts_20-standard-library.DbLib
Replace Part C18 Capacitor in C:\Users\ccben\Desktop\TS_20\ts_20-pcb-development\ts_20-Discharge-Module\200306 Discharge Module R2\Microcontroller.SchDoc with Capacitor from ts_20-standard-library.DbLib
Replace Part C19 Capacitor in C:\Users\ccben\Desktop\TS_20\ts_20-pcb-development\ts_20-Discharge-Module\200306 Discharge Module R2\Microcontroller.SchDoc with Capacitor from ts_20-standard-library.DbLib
Replace Part C20 Capacitor in C:\Users\ccben\Desktop\TS_20\ts_20-pcb-development\ts_20-Discharge-Module\200306 Discharge Module R2\Microcontroller.SchDoc with Capacitor from ts_20-standard-library.DbLib
Replace Part C21 Capacitor in C:\Users\ccben\Desktop\TS_20\ts_20-pcb-development\ts_20-Discharge-Module\200306 Discharge Module R2\Microcontroller.SchDoc with Capacitor from ts_20-standard-library.DbLib
Replace Part C22 Capacitor in C:\Users\ccben\Desktop\TS_20\ts_20-pcb-development\ts_20-Discharge-Module\200306 Discharge Module R2\Microcontroller.SchDoc with Capacitor from ts_20-standard-library.DbLib
Replace Part C23 Capacitor in C:\Users\ccben\Desktop\TS_20\ts_20-pcb-development\ts_20-Discharge-Module\200306 Discharge Module R2\Microcontroller.SchDoc with Capacitor from ts_20-standard-library.DbLib
Replace Part C24 Capacitor in C:\Users\ccben\Desktop\TS_20\ts_20-pcb-development\ts_20-Discharge-Module\200306 Discharge Module R2\Microcontroller.SchDoc with Capacitor from ts_20-standard-library.DbLib
Replace Part C25 Capacitor in C:\Users\ccben\Desktop\TS_20\ts_20-pcb-development\ts_20-Discharge-Module\200306 Discharge Module R2\Microcontroller.SchDoc with Capacitor from ts_20-standard-library.DbLib
Replace Part C26 Capacitor in C:\Users\ccben\Desktop\TS_20\ts_20-pcb-development\ts_20-Discharge-Module\200306 Discharge Module R2\Microcontroller.SchDoc with Capacitor from ts_20-standard-library.DbLib
Replace Part CAN RX INDC1 LED in C:\Users\ccben\Desktop\TS_20\ts_20-pcb-development\ts_20-Discharge-Module\200306 Discharge Module R2\Microcontroller.SchDoc with LED from ts_20-standard-library.DbLib
Replace Part CAN TX INDC1 LED in C:\Users\ccben\Desktop\TS_20\ts_20-pcb-development\ts_20-Discharge-Module\200306 Discharge Module R2\Microcontroller.SchDoc with LED from ts_20-standard-library.DbLib
Replace Part D3 LED in C:\Users\ccben\Desktop\TS_20\ts_20-pcb-development\ts_20-Discharge-Module\200306 Discharge Module R2\Microcontroller.SchDoc with LED from ts_20-standard-library.DbLib
Replace Part D4 LED in C:\Users\ccben\Desktop\TS_20\ts_20-pcb-development\ts_20-Discharge-Module\200306 Discharge Module R2\Microcontroller.SchDoc with LED from ts_20-standard-library.DbLib
Replace Part D5 Diode in C:\Users\ccben\Desktop\TS_20\ts_20-pcb-development\ts_20-Discharge-Module\200306 Discharge Module R2\Microcontroller.SchDoc with Diode from ts_20-standard-library.DbLib
Replace Part P1 USB4085-GF-A in C:\Users\ccben\Desktop\TS_20\ts_20-pcb-development\ts_20-Discharge-Module\200306 Discharge Module R2\Microcontroller.SchDoc with USB4085-GF-A from ts_20-standard-connectors.DbLib
Replace Part PCB NTC1 Resistor in C:\Users\ccben\Desktop\TS_20\ts_20-pcb-development\ts_20-Discharge-Module\200306 Discharge Module R2\Microcontroller.SchDoc with Resistor from ts_20-standard-library.DbLib
Replace Part R10 Resistor in C:\Users\ccben\Desktop\TS_20\ts_20-pcb-development\ts_20-Discharge-Module\200306 Discharge Module R2\Microcontroller.SchDoc with Resistor from ts_20-standard-library.DbLib
Replace Part R11 Resistor in C:\Users\ccben\Desktop\TS_20\ts_20-pcb-development\ts_20-Discharge-Module\200306 Discharge Module R2\Microcontroller.SchDoc with Resistor from ts_20-standard-library.DbLib
Replace Part R12 Resistor in C:\Users\ccben\Desktop\TS_20\ts_20-pcb-development\ts_20-Discharge-Module\200306 Discharge Module R2\Microcontroller.SchDoc with Resistor from ts_20-standard-library.DbLib
Replace Part R13 Resistor in C:\Users\ccben\Desktop\TS_20\ts_20-pcb-development\ts_20-Discharge-Module\200306 Discharge Module R2\Microcontroller.SchDoc with Resistor from ts_20-standard-library.DbLib
Replace Part R14 Resistor in C:\Users\ccben\Desktop\TS_20\ts_20-pcb-development\ts_20-Discharge-Module\200306 Discharge Module R2\Microcontroller.SchDoc with Resistor from ts_20-standard-library.DbLib
Replace Part R15 Resistor in C:\Users\ccben\Desktop\TS_20\ts_20-pcb-development\ts_20-Discharge-Module\200306 Discharge Module R2\Microcontroller.SchDoc with Resistor from ts_20-standard-library.DbLib
Replace Part R16 Resistor in C:\Users\ccben\Desktop\TS_20\ts_20-pcb-development\ts_20-Discharge-Module\200306 Discharge Module R2\Microcontroller.SchDoc with Resistor from ts_20-standard-library.DbLib
Replace Part R17 Resistor in C:\Users\ccben\Desktop\TS_20\ts_20-pcb-development\ts_20-Discharge-Module\200306 Discharge Module R2\Microcontroller.SchDoc with Resistor from ts_20-standard-library.DbLib
Replace Part R18 Resistor in C:\Users\ccben\Desktop\TS_20\ts_20-pcb-development\ts_20-Discharge-Module\200306 Discharge Module R2\Microcontroller.SchDoc with Resistor from ts_20-standard-library.DbLib
Replace Part R19 Resistor in C:\Users\ccben\Desktop\TS_20\ts_20-pcb-development\ts_20-Discharge-Module\200306 Discharge Module R2\Microcontroller.SchDoc with Resistor from ts_20-standard-library.DbLib
Replace Part R20 Resistor in C:\Users\ccben\Desktop\TS_20\ts_20-pcb-development\ts_20-Discharge-Module\200306 Discharge Module R2\Microcontroller.SchDoc with Resistor from ts_20-standard-library.DbLib
Replace Part R21 Resistor in C:\Users\ccben\Desktop\TS_20\ts_20-pcb-development\ts_20-Discharge-Module\200306 Discharge Module R2\Microcontroller.SchDoc with Resistor from ts_20-standard-library.DbLib
Replace Part R22 Resistor in C:\Users\ccben\Desktop\TS_20\ts_20-pcb-development\ts_20-Discharge-Module\200306 Discharge Module R2\Microcontroller.SchDoc with Resistor from ts_20-standard-library.DbLib
Replace Part R23 Resistor in C:\Users\ccben\Desktop\TS_20\ts_20-pcb-development\ts_20-Discharge-Module\200306 Discharge Module R2\Microcontroller.SchDoc with Resistor from ts_20-standard-library.DbLib
Replace Part R24 Resistor in C:\Users\ccben\Desktop\TS_20\ts_20-pcb-development\ts_20-Discharge-Module\200306 Discharge Module R2\Microcontroller.SchDoc with Resistor from ts_20-standard-library.DbLib
Replace Part R27 Resistor in C:\Users\ccben\Desktop\TS_20\ts_20-pcb-development\ts_20-Discharge-Module\200306 Discharge Module R2\Microcontroller.SchDoc with Resistor from ts_20-standard-library.DbLib
Replace Part R28 Resistor in C:\Users\ccben\Desktop\TS_20\ts_20-pcb-development\ts_20-Discharge-Module\200306 Discharge Module R2\Microcontroller.SchDoc with Resistor from ts_20-standard-library.DbLib
Replace Part R31 Resistor in C:\Users\ccben\Desktop\TS_20\ts_20-pcb-development\ts_20-Discharge-Module\200306 Discharge Module R2\Microcontroller.SchDoc with Resistor from ts_20-standard-library.DbLib
Replace Part SERIAL1 Header 1x4 in C:\Users\ccben\Desktop\TS_20\ts_20-pcb-development\ts_20-Discharge-Module\200306 Discharge Module R2\Microcontroller.SchDoc with Header 1x4 from ts_20-standard-connectors.DbLib
Replace Part STLINK1 Header 2x5 in C:\Users\ccben\Desktop\TS_20\ts_20-pcb-development\ts_20-Discharge-Module\200306 Discharge Module R2\Microcontroller.SchDoc with Header 2x5 from ts_20-standard-connectors.DbLib
Replace Part U6 STM32F103C8T6 in C:\Users\ccben\Desktop\TS_20\ts_20-pcb-development\ts_20-Discharge-Module\200306 Discharge Module R2\Microcontroller.SchDoc with STM32F103C8T6 from ts_20-standard-library.DbLib
Replace Part U7 RT9193-33GB in C:\Users\ccben\Desktop\TS_20\ts_20-pcb-development\ts_20-Discharge-Module\200306 Discharge Module R2\Microcontroller.SchDoc with RT9193-33GB from ts_20-standard-library.DbLib
Replace Part X1 Crystal in C:\Users\ccben\Desktop\TS_20\ts_20-pcb-development\ts_20-Discharge-Module\200306 Discharge Module R2\Microcontroller.SchDoc with Crystal from ts_20-standard-library.DbLib
Replace Part X2 Crystal in C:\Users\ccben\Desktop\TS_20\ts_20-pcb-development\ts_20-Discharge-Module\200306 Discharge Module R2\Microcontroller.SchDoc with Crystal from ts_20-standard-library.DbLib
