Replace Part C48 Capacitor in C:\Users\ccben\Desktop\TS_20\ts_20-pcb-development\ts_20-Discharge-Module\200306 Discharge Module R2\PDOC.SchDoc with Capacitor from ts_20-standard-library.DbLib
Replace Part C49 Capacitor in C:\Users\ccben\Desktop\TS_20\ts_20-pcb-development\ts_20-Discharge-Module\200306 Discharge Module R2\PDOC.SchDoc with Capacitor from ts_20-standard-library.DbLib
Replace Part C50 Capacitor in C:\Users\ccben\Desktop\TS_20\ts_20-pcb-development\ts_20-Discharge-Module\200306 Discharge Module R2\PDOC.SchDoc with Capacitor from ts_20-standard-library.DbLib
Replace Part C51 Capacitor in C:\Users\ccben\Desktop\TS_20\ts_20-pcb-development\ts_20-Discharge-Module\200306 Discharge Module R2\PDOC.SchDoc with Capacitor from ts_20-standard-library.DbLib
Replace Part C52 Capacitor in C:\Users\ccben\Desktop\TS_20\ts_20-pcb-development\ts_20-Discharge-Module\200306 Discharge Module R2\PDOC.SchDoc with Capacitor from ts_20-standard-library.DbLib
Replace Part C53 Capacitor in C:\Users\ccben\Desktop\TS_20\ts_20-pcb-development\ts_20-Discharge-Module\200306 Discharge Module R2\PDOC.SchDoc with Capacitor from ts_20-standard-library.DbLib
Replace Part C54 Capacitor in C:\Users\ccben\Desktop\TS_20\ts_20-pcb-development\ts_20-Discharge-Module\200306 Discharge Module R2\PDOC.SchDoc with Capacitor from ts_20-standard-library.DbLib
Replace Part C55 Capacitor in C:\Users\ccben\Desktop\TS_20\ts_20-pcb-development\ts_20-Discharge-Module\200306 Discharge Module R2\PDOC.SchDoc with Capacitor from ts_20-standard-library.DbLib
Replace Part C56 Capacitor in C:\Users\ccben\Desktop\TS_20\ts_20-pcb-development\ts_20-Discharge-Module\200306 Discharge Module R2\PDOC.SchDoc with Capacitor from ts_20-standard-library.DbLib
Replace Part C57 Capacitor in C:\Users\ccben\Desktop\TS_20\ts_20-pcb-development\ts_20-Discharge-Module\200306 Discharge Module R2\PDOC.SchDoc with Capacitor from ts_20-standard-library.DbLib
Replace Part C58 Capacitor in C:\Users\ccben\Desktop\TS_20\ts_20-pcb-development\ts_20-Discharge-Module\200306 Discharge Module R2\PDOC.SchDoc with Capacitor from ts_20-standard-library.DbLib
Replace Part C59 Capacitor in C:\Users\ccben\Desktop\TS_20\ts_20-pcb-development\ts_20-Discharge-Module\200306 Discharge Module R2\PDOC.SchDoc with Capacitor from ts_20-standard-library.DbLib
Replace Part PDOC NTC1 Header 1x2 in C:\Users\ccben\Desktop\TS_20\ts_20-pcb-development\ts_20-Discharge-Module\200306 Discharge Module R2\PDOC.SchDoc with Header 1x2 from ts_20-standard-connectors.DbLib
Replace Part PDOC OK TP Test Point in C:\Users\ccben\Desktop\TS_20\ts_20-pcb-development\ts_20-Discharge-Module\200306 Discharge Module R2\PDOC.SchDoc with Test Point from ts_20-standard-connectors.DbLib
Replace Part PDOC TEMP REF TP Test Point in C:\Users\ccben\Desktop\TS_20\ts_20-pcb-development\ts_20-Discharge-Module\200306 Discharge Module R2\PDOC.SchDoc with Test Point from ts_20-standard-connectors.DbLib
Replace Part PDOC TEMP TP Test Point in C:\Users\ccben\Desktop\TS_20\ts_20-pcb-development\ts_20-Discharge-Module\200306 Discharge Module R2\PDOC.SchDoc with Test Point from ts_20-standard-connectors.DbLib
Replace Part R62 Resistor in C:\Users\ccben\Desktop\TS_20\ts_20-pcb-development\ts_20-Discharge-Module\200306 Discharge Module R2\PDOC.SchDoc with Resistor from ts_20-standard-library.DbLib
Replace Part R63 Resistor in C:\Users\ccben\Desktop\TS_20\ts_20-pcb-development\ts_20-Discharge-Module\200306 Discharge Module R2\PDOC.SchDoc with Resistor from ts_20-standard-library.DbLib
Replace Part R64 Resistor in C:\Users\ccben\Desktop\TS_20\ts_20-pcb-development\ts_20-Discharge-Module\200306 Discharge Module R2\PDOC.SchDoc with Resistor from ts_20-standard-library.DbLib
Replace Part R65 Resistor in C:\Users\ccben\Desktop\TS_20\ts_20-pcb-development\ts_20-Discharge-Module\200306 Discharge Module R2\PDOC.SchDoc with Resistor from ts_20-standard-library.DbLib
Replace Part R66 Resistor in C:\Users\ccben\Desktop\TS_20\ts_20-pcb-development\ts_20-Discharge-Module\200306 Discharge Module R2\PDOC.SchDoc with Resistor from ts_20-standard-library.DbLib
Replace Part R67 Resistor (Potentiometer) in C:\Users\ccben\Desktop\TS_20\ts_20-pcb-development\ts_20-Discharge-Module\200306 Discharge Module R2\PDOC.SchDoc with Resistor (Potentiometer) from ts_20-standard-library.DbLib
Replace Part R68 Resistor in C:\Users\ccben\Desktop\TS_20\ts_20-pcb-development\ts_20-Discharge-Module\200306 Discharge Module R2\PDOC.SchDoc with Resistor from ts_20-standard-library.DbLib
Replace Part R69 Resistor in C:\Users\ccben\Desktop\TS_20\ts_20-pcb-development\ts_20-Discharge-Module\200306 Discharge Module R2\PDOC.SchDoc with Resistor from ts_20-standard-library.DbLib
Replace Part R70 Resistor in C:\Users\ccben\Desktop\TS_20\ts_20-pcb-development\ts_20-Discharge-Module\200306 Discharge Module R2\PDOC.SchDoc with Resistor from ts_20-standard-library.DbLib
Replace Part R71 Resistor in C:\Users\ccben\Desktop\TS_20\ts_20-pcb-development\ts_20-Discharge-Module\200306 Discharge Module R2\PDOC.SchDoc with Resistor from ts_20-standard-library.DbLib
Replace Part R72 Resistor in C:\Users\ccben\Desktop\TS_20\ts_20-pcb-development\ts_20-Discharge-Module\200306 Discharge Module R2\PDOC.SchDoc with Resistor from ts_20-standard-library.DbLib
Replace Part U19 LTV-817S-TA1 in C:\Users\ccben\Desktop\TS_20\ts_20-pcb-development\ts_20-Discharge-Module\200306 Discharge Module R2\PDOC.SchDoc with LTV-817S-TA1 from ts_20-standard-library.DbLib
Replace Part U20 TS391ILT in C:\Users\ccben\Desktop\TS_20\ts_20-pcb-development\ts_20-Discharge-Module\200306 Discharge Module R2\PDOC.SchDoc with TS391ILT from ts_20-standard-library.DbLib
Replace Part U21 ADS1115 in C:\Users\ccben\Desktop\TS_20\ts_20-pcb-development\ts_20-Discharge-Module\200306 Discharge Module R2\PDOC.SchDoc with ADS1115 from ts_20-standard-library.DbLib
Replace Part U22 ADM3260 in C:\Users\ccben\Desktop\TS_20\ts_20-pcb-development\ts_20-Discharge-Module\200306 Discharge Module R2\PDOC.SchDoc with ADM3260 from ts_20-standard-library.DbLib
