Replace Part C60 Capacitor in C:\Users\ccben\Desktop\TS_20\ts_20-pcb-development\ts_20-Discharge-Module\200108 Discharge Module R0\TSAL.SchDoc with Capacitor from ts_20-standard-library.DbLib
Replace Part C61 Capacitor in C:\Users\ccben\Desktop\TS_20\ts_20-pcb-development\ts_20-Discharge-Module\200108 Discharge Module R0\TSAL.SchDoc with Capacitor from ts_20-standard-library.DbLib
Replace Part D14 LED in C:\Users\ccben\Desktop\TS_20\ts_20-pcb-development\ts_20-Discharge-Module\200108 Discharge Module R0\TSAL.SchDoc with LED from ts_20-standard-library.DbLib
Replace Part D15 Diode in C:\Users\ccben\Desktop\TS_20\ts_20-pcb-development\ts_20-Discharge-Module\200108 Discharge Module R0\TSAL.SchDoc with Diode from ts_20-standard-library.DbLib
Replace Part D16 LED in C:\Users\ccben\Desktop\TS_20\ts_20-pcb-development\ts_20-Discharge-Module\200108 Discharge Module R0\TSAL.SchDoc with LED from ts_20-standard-library.DbLib
Replace Part K2 V23105A5475A201 in C:\Users\ccben\Desktop\TS_20\ts_20-pcb-development\ts_20-Discharge-Module\200108 Discharge Module R0\TSAL.SchDoc with V23105A5475A201 from ts_20-standard-library.DbLib
Replace Part K2 V23105A5475A201 in C:\Users\ccben\Desktop\TS_20\ts_20-pcb-development\ts_20-Discharge-Module\200108 Discharge Module R0\TSAL.SchDoc with V23105A5475A201 from ts_20-standard-library.DbLib
Replace Part Q4 MOSFET-N in C:\Users\ccben\Desktop\TS_20\ts_20-pcb-development\ts_20-Discharge-Module\200108 Discharge Module R0\TSAL.SchDoc with MOSFET-N from ts_20-standard-library.DbLib
Replace Part Q5 MOSFET-N in C:\Users\ccben\Desktop\TS_20\ts_20-pcb-development\ts_20-Discharge-Module\200108 Discharge Module R0\TSAL.SchDoc with MOSFET-N from ts_20-standard-library.DbLib
Replace Part R73 Resistor in C:\Users\ccben\Desktop\TS_20\ts_20-pcb-development\ts_20-Discharge-Module\200108 Discharge Module R0\TSAL.SchDoc with Resistor from ts_20-standard-library.DbLib
Replace Part R74 Resistor in C:\Users\ccben\Desktop\TS_20\ts_20-pcb-development\ts_20-Discharge-Module\200108 Discharge Module R0\TSAL.SchDoc with Resistor from ts_20-standard-library.DbLib
Replace Part R75 Resistor in C:\Users\ccben\Desktop\TS_20\ts_20-pcb-development\ts_20-Discharge-Module\200108 Discharge Module R0\TSAL.SchDoc with Resistor from ts_20-standard-library.DbLib
Replace Part R76 Resistor (Potentiometer) in C:\Users\ccben\Desktop\TS_20\ts_20-pcb-development\ts_20-Discharge-Module\200108 Discharge Module R0\TSAL.SchDoc with Resistor (Potentiometer) from ts_20-standard-library.DbLib
Replace Part R77 Resistor in C:\Users\ccben\Desktop\TS_20\ts_20-pcb-development\ts_20-Discharge-Module\200108 Discharge Module R0\TSAL.SchDoc with Resistor from ts_20-standard-library.DbLib
Replace Part R78 Resistor in C:\Users\ccben\Desktop\TS_20\ts_20-pcb-development\ts_20-Discharge-Module\200108 Discharge Module R0\TSAL.SchDoc with Resistor from ts_20-standard-library.DbLib
Replace Part R79 Resistor in C:\Users\ccben\Desktop\TS_20\ts_20-pcb-development\ts_20-Discharge-Module\200108 Discharge Module R0\TSAL.SchDoc with Resistor from ts_20-standard-library.DbLib
Replace Part TSAL CLK TP SMD Test Point in C:\Users\ccben\Desktop\TS_20\ts_20-pcb-development\ts_20-Discharge-Module\200108 Discharge Module R0\TSAL.SchDoc with Test Point from ts_20-standard-connectors.DbLib
Replace Part TSAL CLK TP THT Test Point in C:\Users\ccben\Desktop\TS_20\ts_20-pcb-development\ts_20-Discharge-Module\200108 Discharge Module R0\TSAL.SchDoc with Test Point from ts_20-standard-connectors.DbLib
Replace Part TSAL RELAY TP Test Point in C:\Users\ccben\Desktop\TS_20\ts_20-pcb-development\ts_20-Discharge-Module\200108 Discharge Module R0\TSAL.SchDoc with Test Point from ts_20-standard-connectors.DbLib
Replace Part U23 NE555DR in C:\Users\ccben\Desktop\TS_20\ts_20-pcb-development\ts_20-Discharge-Module\200108 Discharge Module R0\TSAL.SchDoc with NE555DR from ts_20-standard-library.DbLib
