Replace Part D? LED in C:\Users\patri\Google Drive\ts_19\Car\5. P&E\Future Schematics\ts_20-Precharge-Controller\191212 Precharge Controller R0\Precharge.SchDoc with LED from ts_20-standard-library.DbLib
Replace Part D? Diode in C:\Users\patri\Google Drive\ts_19\Car\5. P&E\Future Schematics\ts_20-Precharge-Controller\191212 Precharge Controller R0\Precharge.SchDoc with Diode from ts_20-standard-library.DbLib
Replace Part D? LED in C:\Users\patri\Google Drive\ts_19\Car\5. P&E\Future Schematics\ts_20-Precharge-Controller\191212 Precharge Controller R0\Precharge.SchDoc with LED from ts_20-standard-library.DbLib
Replace Part D? Diode in C:\Users\patri\Google Drive\ts_19\Car\5. P&E\Future Schematics\ts_20-Precharge-Controller\191212 Precharge Controller R0\Precharge.SchDoc with Diode from ts_20-standard-library.DbLib
Replace Part Q? MOSFET-N in C:\Users\patri\Google Drive\ts_19\Car\5. P&E\Future Schematics\ts_20-Precharge-Controller\191212 Precharge Controller R0\Precharge.SchDoc with MOSFET-N from ts_20-standard-library.DbLib
Replace Part Q? MOSFET-N in C:\Users\patri\Google Drive\ts_19\Car\5. P&E\Future Schematics\ts_20-Precharge-Controller\191212 Precharge Controller R0\Precharge.SchDoc with MOSFET-N from ts_20-standard-library.DbLib
Replace Part R? Resistor in C:\Users\patri\Google Drive\ts_19\Car\5. P&E\Future Schematics\ts_20-Precharge-Controller\191212 Precharge Controller R0\Precharge.SchDoc with Resistor from ts_20-standard-library.DbLib
Replace Part R? Resistor in C:\Users\patri\Google Drive\ts_19\Car\5. P&E\Future Schematics\ts_20-Precharge-Controller\191212 Precharge Controller R0\Precharge.SchDoc with Resistor from ts_20-standard-library.DbLib
Replace Part R? Resistor in C:\Users\patri\Google Drive\ts_19\Car\5. P&E\Future Schematics\ts_20-Precharge-Controller\191212 Precharge Controller R0\Precharge.SchDoc with Resistor from ts_20-standard-library.DbLib
Replace Part R? Resistor in C:\Users\patri\Google Drive\ts_19\Car\5. P&E\Future Schematics\ts_20-Precharge-Controller\191212 Precharge Controller R0\Precharge.SchDoc with Resistor from ts_20-standard-library.DbLib
Replace Part R? Resistor in C:\Users\patri\Google Drive\ts_19\Car\5. P&E\Future Schematics\ts_20-Precharge-Controller\191212 Precharge Controller R0\Precharge.SchDoc with Resistor from ts_20-standard-library.DbLib
Replace Part R? Resistor in C:\Users\patri\Google Drive\ts_19\Car\5. P&E\Future Schematics\ts_20-Precharge-Controller\191212 Precharge Controller R0\Precharge.SchDoc with Resistor from ts_20-standard-library.DbLib
Replace Part R? Resistor in C:\Users\patri\Google Drive\ts_19\Car\5. P&E\Future Schematics\ts_20-Precharge-Controller\191212 Precharge Controller R0\Precharge.SchDoc with Resistor from ts_20-standard-library.DbLib
Replace Part R? Resistor in C:\Users\patri\Google Drive\ts_19\Car\5. P&E\Future Schematics\ts_20-Precharge-Controller\191212 Precharge Controller R0\Precharge.SchDoc with Resistor from ts_20-standard-library.DbLib
Replace Part R? Resistor in C:\Users\patri\Google Drive\ts_19\Car\5. P&E\Future Schematics\ts_20-Precharge-Controller\191212 Precharge Controller R0\Precharge.SchDoc with Resistor from ts_20-standard-library.DbLib
Replace Part R? Resistor in C:\Users\patri\Google Drive\ts_19\Car\5. P&E\Future Schematics\ts_20-Precharge-Controller\191212 Precharge Controller R0\Precharge.SchDoc with Resistor from ts_20-standard-library.DbLib
Replace Part R? Resistor in C:\Users\patri\Google Drive\ts_19\Car\5. P&E\Future Schematics\ts_20-Precharge-Controller\191212 Precharge Controller R0\Precharge.SchDoc with Resistor from ts_20-standard-library.DbLib
Replace Part R? Resistor in C:\Users\patri\Google Drive\ts_19\Car\5. P&E\Future Schematics\ts_20-Precharge-Controller\191212 Precharge Controller R0\Precharge.SchDoc with Resistor from ts_20-standard-library.DbLib
Replace Part R? Resistor in C:\Users\patri\Google Drive\ts_19\Car\5. P&E\Future Schematics\ts_20-Precharge-Controller\191212 Precharge Controller R0\Precharge.SchDoc with Resistor from ts_20-standard-library.DbLib
Replace Part U? LTV-817S-TA1 in C:\Users\patri\Google Drive\ts_19\Car\5. P&E\Future Schematics\ts_20-Precharge-Controller\191212 Precharge Controller R0\Precharge.SchDoc with LTV-817S-TA1 from ts_20-standard-library.DbLib
Replace Part U? ADUM4120 in C:\Users\patri\Google Drive\ts_19\Car\5. P&E\Future Schematics\ts_20-Precharge-Controller\191212 Precharge Controller R0\Precharge.SchDoc with ADUM4120 from ts_20-standard-library.DbLib
Replace Part U? LTV-817S-TA1 in C:\Users\patri\Google Drive\ts_19\Car\5. P&E\Future Schematics\ts_20-Precharge-Controller\191212 Precharge Controller R0\Precharge.SchDoc with LTV-817S-TA1 from ts_20-standard-library.DbLib
Replace Part U? ADUM4120 in C:\Users\patri\Google Drive\ts_19\Car\5. P&E\Future Schematics\ts_20-Precharge-Controller\191212 Precharge Controller R0\Precharge.SchDoc with ADUM4120 from ts_20-standard-library.DbLib
Replace Part U? LTV-817S-TA1 in C:\Users\patri\Google Drive\ts_19\Car\5. P&E\Future Schematics\ts_20-Precharge-Controller\191212 Precharge Controller R0\Precharge.SchDoc with LTV-817S-TA1 from ts_20-standard-library.DbLib
