Replace Part AMS Bypass Header 1x2 in C:\Users\patri\Google Drive\ts_19\Car\5. P&E\Future Schematics\ts_20-Precharge-Controller\191212 Precharge Controller R0\Safety Loops.SchDoc with Header 1x2 from ts_20-standard-connectors.DbLib
Replace Part AMS Relay V23105A5475A201 in C:\Users\patri\Google Drive\ts_19\Car\5. P&E\Future Schematics\ts_20-Precharge-Controller\191212 Precharge Controller R0\Safety Loops.SchDoc with V23105A5475A201 from ts_20-standard-library.DbLib
Replace Part D? LED in C:\Users\patri\Google Drive\ts_19\Car\5. P&E\Future Schematics\ts_20-Precharge-Controller\191212 Precharge Controller R0\Safety Loops.SchDoc with LED from ts_20-standard-library.DbLib
Replace Part D? Diode in C:\Users\patri\Google Drive\ts_19\Car\5. P&E\Future Schematics\ts_20-Precharge-Controller\191212 Precharge Controller R0\Safety Loops.SchDoc with Diode from ts_20-standard-library.DbLib
Replace Part D? LED in C:\Users\patri\Google Drive\ts_19\Car\5. P&E\Future Schematics\ts_20-Precharge-Controller\191212 Precharge Controller R0\Safety Loops.SchDoc with LED from ts_20-standard-library.DbLib
Replace Part D? Diode in C:\Users\patri\Google Drive\ts_19\Car\5. P&E\Future Schematics\ts_20-Precharge-Controller\191212 Precharge Controller R0\Safety Loops.SchDoc with Diode from ts_20-standard-library.DbLib
Replace Part D? LED in C:\Users\patri\Google Drive\ts_19\Car\5. P&E\Future Schematics\ts_20-Precharge-Controller\191212 Precharge Controller R0\Safety Loops.SchDoc with LED from ts_20-standard-library.DbLib
Replace Part D? Diode in C:\Users\patri\Google Drive\ts_19\Car\5. P&E\Future Schematics\ts_20-Precharge-Controller\191212 Precharge Controller R0\Safety Loops.SchDoc with Diode from ts_20-standard-library.DbLib
Replace Part D? LED in C:\Users\patri\Google Drive\ts_19\Car\5. P&E\Future Schematics\ts_20-Precharge-Controller\191212 Precharge Controller R0\Safety Loops.SchDoc with LED from ts_20-standard-library.DbLib
Replace Part D? Diode in C:\Users\patri\Google Drive\ts_19\Car\5. P&E\Future Schematics\ts_20-Precharge-Controller\191212 Precharge Controller R0\Safety Loops.SchDoc with Diode from ts_20-standard-library.DbLib
Replace Part IMD Bypass Header 1x2 in C:\Users\patri\Google Drive\ts_19\Car\5. P&E\Future Schematics\ts_20-Precharge-Controller\191212 Precharge Controller R0\Safety Loops.SchDoc with Header 1x2 from ts_20-standard-connectors.DbLib
Replace Part IMD Relay V23105A5475A201 in C:\Users\patri\Google Drive\ts_19\Car\5. P&E\Future Schematics\ts_20-Precharge-Controller\191212 Precharge Controller R0\Safety Loops.SchDoc with V23105A5475A201 from ts_20-standard-library.DbLib
Replace Part K? V23105A5475A201 in C:\Users\patri\Google Drive\ts_19\Car\5. P&E\Future Schematics\ts_20-Precharge-Controller\191212 Precharge Controller R0\Safety Loops.SchDoc with V23105A5475A201 from ts_20-standard-library.DbLib
Replace Part K? V23105A5475A201 in C:\Users\patri\Google Drive\ts_19\Car\5. P&E\Future Schematics\ts_20-Precharge-Controller\191212 Precharge Controller R0\Safety Loops.SchDoc with V23105A5475A201 from ts_20-standard-library.DbLib
Replace Part K? V23105A5475A201 in C:\Users\patri\Google Drive\ts_19\Car\5. P&E\Future Schematics\ts_20-Precharge-Controller\191212 Precharge Controller R0\Safety Loops.SchDoc with V23105A5475A201 from ts_20-standard-library.DbLib
Replace Part K? V23105A5475A201 in C:\Users\patri\Google Drive\ts_19\Car\5. P&E\Future Schematics\ts_20-Precharge-Controller\191212 Precharge Controller R0\Safety Loops.SchDoc with V23105A5475A201 from ts_20-standard-library.DbLib
Replace Part P? Test Point in C:\Users\patri\Google Drive\ts_19\Car\5. P&E\Future Schematics\ts_20-Precharge-Controller\191212 Precharge Controller R0\Safety Loops.SchDoc with Test Point from ts_20-standard-connectors.DbLib
Replace Part P? Test Point in C:\Users\patri\Google Drive\ts_19\Car\5. P&E\Future Schematics\ts_20-Precharge-Controller\191212 Precharge Controller R0\Safety Loops.SchDoc with Test Point from ts_20-standard-connectors.DbLib
Replace Part P? Test Point in C:\Users\patri\Google Drive\ts_19\Car\5. P&E\Future Schematics\ts_20-Precharge-Controller\191212 Precharge Controller R0\Safety Loops.SchDoc with Test Point from ts_20-standard-connectors.DbLib
Replace Part P? Test Point in C:\Users\patri\Google Drive\ts_19\Car\5. P&E\Future Schematics\ts_20-Precharge-Controller\191212 Precharge Controller R0\Safety Loops.SchDoc with Test Point from ts_20-standard-connectors.DbLib
Replace Part PDOC Bypass Header 1x2 in C:\Users\patri\Google Drive\ts_19\Car\5. P&E\Future Schematics\ts_20-Precharge-Controller\191212 Precharge Controller R0\Safety Loops.SchDoc with Header 1x2 from ts_20-standard-connectors.DbLib
Replace Part PDOC Relay V23105A5475A201 in C:\Users\patri\Google Drive\ts_19\Car\5. P&E\Future Schematics\ts_20-Precharge-Controller\191212 Precharge Controller R0\Safety Loops.SchDoc with V23105A5475A201 from ts_20-standard-library.DbLib
Replace Part Q? MOSFET-N in C:\Users\patri\Google Drive\ts_19\Car\5. P&E\Future Schematics\ts_20-Precharge-Controller\191212 Precharge Controller R0\Safety Loops.SchDoc with MOSFET-N from ts_20-standard-library.DbLib
Replace Part Q? MOSFET-N in C:\Users\patri\Google Drive\ts_19\Car\5. P&E\Future Schematics\ts_20-Precharge-Controller\191212 Precharge Controller R0\Safety Loops.SchDoc with MOSFET-N from ts_20-standard-library.DbLib
Replace Part Q? MOSFET-N in C:\Users\patri\Google Drive\ts_19\Car\5. P&E\Future Schematics\ts_20-Precharge-Controller\191212 Precharge Controller R0\Safety Loops.SchDoc with MOSFET-N from ts_20-standard-library.DbLib
Replace Part Q? MOSFET-N in C:\Users\patri\Google Drive\ts_19\Car\5. P&E\Future Schematics\ts_20-Precharge-Controller\191212 Precharge Controller R0\Safety Loops.SchDoc with MOSFET-N from ts_20-standard-library.DbLib
Replace Part R? Resistor in C:\Users\patri\Google Drive\ts_19\Car\5. P&E\Future Schematics\ts_20-Precharge-Controller\191212 Precharge Controller R0\Safety Loops.SchDoc with Resistor from ts_20-standard-library.DbLib
Replace Part R? Resistor in C:\Users\patri\Google Drive\ts_19\Car\5. P&E\Future Schematics\ts_20-Precharge-Controller\191212 Precharge Controller R0\Safety Loops.SchDoc with Resistor from ts_20-standard-library.DbLib
Replace Part R? Resistor in C:\Users\patri\Google Drive\ts_19\Car\5. P&E\Future Schematics\ts_20-Precharge-Controller\191212 Precharge Controller R0\Safety Loops.SchDoc with Resistor from ts_20-standard-library.DbLib
Replace Part R? Resistor in C:\Users\patri\Google Drive\ts_19\Car\5. P&E\Future Schematics\ts_20-Precharge-Controller\191212 Precharge Controller R0\Safety Loops.SchDoc with Resistor from ts_20-standard-library.DbLib
Replace Part R? Resistor in C:\Users\patri\Google Drive\ts_19\Car\5. P&E\Future Schematics\ts_20-Precharge-Controller\191212 Precharge Controller R0\Safety Loops.SchDoc with Resistor from ts_20-standard-library.DbLib
Replace Part R? Resistor in C:\Users\patri\Google Drive\ts_19\Car\5. P&E\Future Schematics\ts_20-Precharge-Controller\191212 Precharge Controller R0\Safety Loops.SchDoc with Resistor from ts_20-standard-library.DbLib
Replace Part R? Resistor in C:\Users\patri\Google Drive\ts_19\Car\5. P&E\Future Schematics\ts_20-Precharge-Controller\191212 Precharge Controller R0\Safety Loops.SchDoc with Resistor from ts_20-standard-library.DbLib
Replace Part R? Resistor in C:\Users\patri\Google Drive\ts_19\Car\5. P&E\Future Schematics\ts_20-Precharge-Controller\191212 Precharge Controller R0\Safety Loops.SchDoc with Resistor from ts_20-standard-library.DbLib
Replace Part R? Resistor in C:\Users\patri\Google Drive\ts_19\Car\5. P&E\Future Schematics\ts_20-Precharge-Controller\191212 Precharge Controller R0\Safety Loops.SchDoc with Resistor from ts_20-standard-library.DbLib
Replace Part R? Resistor in C:\Users\patri\Google Drive\ts_19\Car\5. P&E\Future Schematics\ts_20-Precharge-Controller\191212 Precharge Controller R0\Safety Loops.SchDoc with Resistor from ts_20-standard-library.DbLib
Replace Part R? Resistor in C:\Users\patri\Google Drive\ts_19\Car\5. P&E\Future Schematics\ts_20-Precharge-Controller\191212 Precharge Controller R0\Safety Loops.SchDoc with Resistor from ts_20-standard-library.DbLib
Replace Part R? Resistor in C:\Users\patri\Google Drive\ts_19\Car\5. P&E\Future Schematics\ts_20-Precharge-Controller\191212 Precharge Controller R0\Safety Loops.SchDoc with Resistor from ts_20-standard-library.DbLib
Replace Part R? Resistor in C:\Users\patri\Google Drive\ts_19\Car\5. P&E\Future Schematics\ts_20-Precharge-Controller\191212 Precharge Controller R0\Safety Loops.SchDoc with Resistor from ts_20-standard-library.DbLib
Replace Part R? Resistor in C:\Users\patri\Google Drive\ts_19\Car\5. P&E\Future Schematics\ts_20-Precharge-Controller\191212 Precharge Controller R0\Safety Loops.SchDoc with Resistor from ts_20-standard-library.DbLib
Replace Part R? Resistor in C:\Users\patri\Google Drive\ts_19\Car\5. P&E\Future Schematics\ts_20-Precharge-Controller\191212 Precharge Controller R0\Safety Loops.SchDoc with Resistor from ts_20-standard-library.DbLib
Replace Part R? Resistor in C:\Users\patri\Google Drive\ts_19\Car\5. P&E\Future Schematics\ts_20-Precharge-Controller\191212 Precharge Controller R0\Safety Loops.SchDoc with Resistor from ts_20-standard-library.DbLib
Replace Part TS Bypass Header 1x2 in C:\Users\patri\Google Drive\ts_19\Car\5. P&E\Future Schematics\ts_20-Precharge-Controller\191212 Precharge Controller R0\Safety Loops.SchDoc with Header 1x2 from ts_20-standard-connectors.DbLib
Replace Part TS Relay V23105A5475A201 in C:\Users\patri\Google Drive\ts_19\Car\5. P&E\Future Schematics\ts_20-Precharge-Controller\191212 Precharge Controller R0\Safety Loops.SchDoc with V23105A5475A201 from ts_20-standard-library.DbLib
Replace Part U? LTV-817S-TA1 in C:\Users\patri\Google Drive\ts_19\Car\5. P&E\Future Schematics\ts_20-Precharge-Controller\191212 Precharge Controller R0\Safety Loops.SchDoc with LTV-817S-TA1 from ts_20-standard-library.DbLib
Replace Part U? LTV-817S-TA1 in C:\Users\patri\Google Drive\ts_19\Car\5. P&E\Future Schematics\ts_20-Precharge-Controller\191212 Precharge Controller R0\Safety Loops.SchDoc with LTV-817S-TA1 from ts_20-standard-library.DbLib
Replace Part U? LTV-817S-TA1 in C:\Users\patri\Google Drive\ts_19\Car\5. P&E\Future Schematics\ts_20-Precharge-Controller\191212 Precharge Controller R0\Safety Loops.SchDoc with LTV-817S-TA1 from ts_20-standard-library.DbLib
Replace Part U? LTV-817S-TA1 in C:\Users\patri\Google Drive\ts_19\Car\5. P&E\Future Schematics\ts_20-Precharge-Controller\191212 Precharge Controller R0\Safety Loops.SchDoc with LTV-817S-TA1 from ts_20-standard-library.DbLib
