Change Component Designator: Old Designator=AMS Bypass New Designator=AMS Bypass1
Change Component Designator: Old Designator=AMS OK TP New Designator=AMS OK TP1
Change Component Designator: Old Designator=AMS Relay New Designator=AMS Relay1
Change Component Part ID : Designator=AMS Relay1 Old Part ID =2 New Part ID =1
Change Component Designator: Old Designator=D? New Designator=D8
Change Component Designator: Old Designator=D? New Designator=D9
Change Component Designator: Old Designator=D? New Designator=D10
Change Component Designator: Old Designator=D? New Designator=D11
Change Component Designator: Old Designator=D? New Designator=D12
Change Component Designator: Old Designator=D? New Designator=D13
Change Component Designator: Old Designator=D? New Designator=D14
Change Component Designator: Old Designator=D? New Designator=D15
Change Component Designator: Old Designator=IMD Bypass? New Designator=IMD Bypass1
Change Component Designator: Old Designator=IMD OK TP New Designator=IMD OK TP1
Change Component Designator: Old Designator=IMD Relay? New Designator=IMD Relay1
Change Component Part ID : Designator=IMD Relay1 Old Part ID =2 New Part ID =1
Change Component Designator: Old Designator=K? New Designator=K1
Change Component Designator: Old Designator=K? New Designator=K1
Change Component Part ID : Designator=K1 Old Part ID =1 New Part ID =2
Change Component Designator: Old Designator=K? New Designator=K2
Change Component Designator: Old Designator=K? New Designator=K2
Change Component Part ID : Designator=K2 Old Part ID =1 New Part ID =2
Change Component Designator: Old Designator=PDOC Bypass? New Designator=PDOC Bypass1
Change Component Designator: Old Designator=PDOC OK TP New Designator=PDOC OK TP1
Change Component Designator: Old Designator=PDOC Relay? New Designator=PDOC Relay1
Change Component Part ID : Designator=PDOC Relay1 Old Part ID =2 New Part ID =1
Change Component Designator: Old Designator=Q? New Designator=Q1
Change Component Designator: Old Designator=Q? New Designator=Q2
Change Component Designator: Old Designator=Q? New Designator=Q3
Change Component Designator: Old Designator=Q? New Designator=Q4
Change Component Designator: Old Designator=R? New Designator=R42
Change Component Designator: Old Designator=R? New Designator=R43
Change Component Designator: Old Designator=R? New Designator=R44
Change Component Designator: Old Designator=R? New Designator=R45
Change Component Designator: Old Designator=R? New Designator=R46
Change Component Designator: Old Designator=R? New Designator=R47
Change Component Designator: Old Designator=R? New Designator=R48
Change Component Designator: Old Designator=R? New Designator=R49
Change Component Designator: Old Designator=R? New Designator=R50
Change Component Designator: Old Designator=R? New Designator=R51
Change Component Designator: Old Designator=R? New Designator=R52
Change Component Designator: Old Designator=R? New Designator=R53
Change Component Designator: Old Designator=R? New Designator=R54
Change Component Designator: Old Designator=R? New Designator=R55
Change Component Designator: Old Designator=R? New Designator=R56
Change Component Designator: Old Designator=R? New Designator=R57
Change Component Designator: Old Designator=R? New Designator=R58
Change Component Designator: Old Designator=TS Bypass New Designator=TS Bypass1
Change Component Designator: Old Designator=TS OK TP New Designator=TS OK TP1
Change Component Designator: Old Designator=TS Relay New Designator=TS Relay1
Change Component Part ID : Designator=TS Relay1 Old Part ID =2 New Part ID =1
Change Component Designator: Old Designator=U? New Designator=U15
Change Component Designator: Old Designator=U? New Designator=U16
Change Component Designator: Old Designator=U? New Designator=U17
