Replace Part AMS Bypass1 Header 1x2 in C:\Users\patri\Google Drive\ts_19\Car\5. P&E\Future Schematics\ts_20-Precharge-Controller\191212 Precharge Controller R0\Safety Loops.SchDoc with Header 1x2 from ts_20-standard-connectors.DbLib
Replace Part AMS OK TP1 Test Point in C:\Users\patri\Google Drive\ts_19\Car\5. P&E\Future Schematics\ts_20-Precharge-Controller\191212 Precharge Controller R0\Safety Loops.SchDoc with Test Point from ts_20-standard-connectors.DbLib
Replace Part AMS Relay1 V23105A5475A201 in C:\Users\patri\Google Drive\ts_19\Car\5. P&E\Future Schematics\ts_20-Precharge-Controller\191212 Precharge Controller R0\Safety Loops.SchDoc with V23105A5475A201 from ts_20-standard-library.DbLib
Replace Part D8 Diode in C:\Users\patri\Google Drive\ts_19\Car\5. P&E\Future Schematics\ts_20-Precharge-Controller\191212 Precharge Controller R0\Safety Loops.SchDoc with Diode from ts_20-standard-library.DbLib
Replace Part D9 LED in C:\Users\patri\Google Drive\ts_19\Car\5. P&E\Future Schematics\ts_20-Precharge-Controller\191212 Precharge Controller R0\Safety Loops.SchDoc with LED from ts_20-standard-library.DbLib
Replace Part D10 Diode in C:\Users\patri\Google Drive\ts_19\Car\5. P&E\Future Schematics\ts_20-Precharge-Controller\191212 Precharge Controller R0\Safety Loops.SchDoc with Diode from ts_20-standard-library.DbLib
Replace Part D11 LED in C:\Users\patri\Google Drive\ts_19\Car\5. P&E\Future Schematics\ts_20-Precharge-Controller\191212 Precharge Controller R0\Safety Loops.SchDoc with LED from ts_20-standard-library.DbLib
Replace Part D12 Diode in C:\Users\patri\Google Drive\ts_19\Car\5. P&E\Future Schematics\ts_20-Precharge-Controller\191212 Precharge Controller R0\Safety Loops.SchDoc with Diode from ts_20-standard-library.DbLib
Replace Part D13 LED in C:\Users\patri\Google Drive\ts_19\Car\5. P&E\Future Schematics\ts_20-Precharge-Controller\191212 Precharge Controller R0\Safety Loops.SchDoc with LED from ts_20-standard-library.DbLib
Replace Part D14 Diode in C:\Users\patri\Google Drive\ts_19\Car\5. P&E\Future Schematics\ts_20-Precharge-Controller\191212 Precharge Controller R0\Safety Loops.SchDoc with Diode from ts_20-standard-library.DbLib
Replace Part D15 LED in C:\Users\patri\Google Drive\ts_19\Car\5. P&E\Future Schematics\ts_20-Precharge-Controller\191212 Precharge Controller R0\Safety Loops.SchDoc with LED from ts_20-standard-library.DbLib
Replace Part IMD Bypass1 Header 1x2 in C:\Users\patri\Google Drive\ts_19\Car\5. P&E\Future Schematics\ts_20-Precharge-Controller\191212 Precharge Controller R0\Safety Loops.SchDoc with Header 1x2 from ts_20-standard-connectors.DbLib
Replace Part IMD OK TP1 Test Point in C:\Users\patri\Google Drive\ts_19\Car\5. P&E\Future Schematics\ts_20-Precharge-Controller\191212 Precharge Controller R0\Safety Loops.SchDoc with Test Point from ts_20-standard-connectors.DbLib
Replace Part IMD Relay1 V23105A5475A201 in C:\Users\patri\Google Drive\ts_19\Car\5. P&E\Future Schematics\ts_20-Precharge-Controller\191212 Precharge Controller R0\Safety Loops.SchDoc with V23105A5475A201 from ts_20-standard-library.DbLib
Replace Part K1 V23105A5475A201 in C:\Users\patri\Google Drive\ts_19\Car\5. P&E\Future Schematics\ts_20-Precharge-Controller\191212 Precharge Controller R0\Safety Loops.SchDoc with V23105A5475A201 from ts_20-standard-library.DbLib
Replace Part K1 V23105A5475A201 in C:\Users\patri\Google Drive\ts_19\Car\5. P&E\Future Schematics\ts_20-Precharge-Controller\191212 Precharge Controller R0\Safety Loops.SchDoc with V23105A5475A201 from ts_20-standard-library.DbLib
Replace Part K2 V23105A5475A201 in C:\Users\patri\Google Drive\ts_19\Car\5. P&E\Future Schematics\ts_20-Precharge-Controller\191212 Precharge Controller R0\Safety Loops.SchDoc with V23105A5475A201 from ts_20-standard-library.DbLib
Replace Part K2 V23105A5475A201 in C:\Users\patri\Google Drive\ts_19\Car\5. P&E\Future Schematics\ts_20-Precharge-Controller\191212 Precharge Controller R0\Safety Loops.SchDoc with V23105A5475A201 from ts_20-standard-library.DbLib
Replace Part PDOC Bypass1 Header 1x2 in C:\Users\patri\Google Drive\ts_19\Car\5. P&E\Future Schematics\ts_20-Precharge-Controller\191212 Precharge Controller R0\Safety Loops.SchDoc with Header 1x2 from ts_20-standard-connectors.DbLib
Replace Part PDOC OK TP1 Test Point in C:\Users\patri\Google Drive\ts_19\Car\5. P&E\Future Schematics\ts_20-Precharge-Controller\191212 Precharge Controller R0\Safety Loops.SchDoc with Test Point from ts_20-standard-connectors.DbLib
Replace Part PDOC Relay1 V23105A5475A201 in C:\Users\patri\Google Drive\ts_19\Car\5. P&E\Future Schematics\ts_20-Precharge-Controller\191212 Precharge Controller R0\Safety Loops.SchDoc with V23105A5475A201 from ts_20-standard-library.DbLib
Replace Part Q1 MOSFET-N in C:\Users\patri\Google Drive\ts_19\Car\5. P&E\Future Schematics\ts_20-Precharge-Controller\191212 Precharge Controller R0\Safety Loops.SchDoc with MOSFET-N from ts_20-standard-library.DbLib
Replace Part Q2 MOSFET-N in C:\Users\patri\Google Drive\ts_19\Car\5. P&E\Future Schematics\ts_20-Precharge-Controller\191212 Precharge Controller R0\Safety Loops.SchDoc with MOSFET-N from ts_20-standard-library.DbLib
Replace Part Q3 MOSFET-N in C:\Users\patri\Google Drive\ts_19\Car\5. P&E\Future Schematics\ts_20-Precharge-Controller\191212 Precharge Controller R0\Safety Loops.SchDoc with MOSFET-N from ts_20-standard-library.DbLib
Replace Part Q4 MOSFET-N in C:\Users\patri\Google Drive\ts_19\Car\5. P&E\Future Schematics\ts_20-Precharge-Controller\191212 Precharge Controller R0\Safety Loops.SchDoc with MOSFET-N from ts_20-standard-library.DbLib
Replace Part R42 Resistor in C:\Users\patri\Google Drive\ts_19\Car\5. P&E\Future Schematics\ts_20-Precharge-Controller\191212 Precharge Controller R0\Safety Loops.SchDoc with Resistor from ts_20-standard-library.DbLib
Replace Part R43 Resistor in C:\Users\patri\Google Drive\ts_19\Car\5. P&E\Future Schematics\ts_20-Precharge-Controller\191212 Precharge Controller R0\Safety Loops.SchDoc with Resistor from ts_20-standard-library.DbLib
Replace Part R44 Resistor in C:\Users\patri\Google Drive\ts_19\Car\5. P&E\Future Schematics\ts_20-Precharge-Controller\191212 Precharge Controller R0\Safety Loops.SchDoc with Resistor from ts_20-standard-library.DbLib
Replace Part R45 Resistor in C:\Users\patri\Google Drive\ts_19\Car\5. P&E\Future Schematics\ts_20-Precharge-Controller\191212 Precharge Controller R0\Safety Loops.SchDoc with Resistor from ts_20-standard-library.DbLib
Replace Part R46 Resistor in C:\Users\patri\Google Drive\ts_19\Car\5. P&E\Future Schematics\ts_20-Precharge-Controller\191212 Precharge Controller R0\Safety Loops.SchDoc with Resistor from ts_20-standard-library.DbLib
Replace Part R47 Resistor in C:\Users\patri\Google Drive\ts_19\Car\5. P&E\Future Schematics\ts_20-Precharge-Controller\191212 Precharge Controller R0\Safety Loops.SchDoc with Resistor from ts_20-standard-library.DbLib
Replace Part R48 Resistor in C:\Users\patri\Google Drive\ts_19\Car\5. P&E\Future Schematics\ts_20-Precharge-Controller\191212 Precharge Controller R0\Safety Loops.SchDoc with Resistor from ts_20-standard-library.DbLib
Replace Part R49 Resistor in C:\Users\patri\Google Drive\ts_19\Car\5. P&E\Future Schematics\ts_20-Precharge-Controller\191212 Precharge Controller R0\Safety Loops.SchDoc with Resistor from ts_20-standard-library.DbLib
Replace Part R50 Resistor in C:\Users\patri\Google Drive\ts_19\Car\5. P&E\Future Schematics\ts_20-Precharge-Controller\191212 Precharge Controller R0\Safety Loops.SchDoc with Resistor from ts_20-standard-library.DbLib
Replace Part R51 Resistor in C:\Users\patri\Google Drive\ts_19\Car\5. P&E\Future Schematics\ts_20-Precharge-Controller\191212 Precharge Controller R0\Safety Loops.SchDoc with Resistor from ts_20-standard-library.DbLib
Replace Part R52 Resistor in C:\Users\patri\Google Drive\ts_19\Car\5. P&E\Future Schematics\ts_20-Precharge-Controller\191212 Precharge Controller R0\Safety Loops.SchDoc with Resistor from ts_20-standard-library.DbLib
Replace Part R53 Resistor in C:\Users\patri\Google Drive\ts_19\Car\5. P&E\Future Schematics\ts_20-Precharge-Controller\191212 Precharge Controller R0\Safety Loops.SchDoc with Resistor from ts_20-standard-library.DbLib
Replace Part R54 Resistor in C:\Users\patri\Google Drive\ts_19\Car\5. P&E\Future Schematics\ts_20-Precharge-Controller\191212 Precharge Controller R0\Safety Loops.SchDoc with Resistor from ts_20-standard-library.DbLib
Replace Part R55 Resistor in C:\Users\patri\Google Drive\ts_19\Car\5. P&E\Future Schematics\ts_20-Precharge-Controller\191212 Precharge Controller R0\Safety Loops.SchDoc with Resistor from ts_20-standard-library.DbLib
Replace Part R56 Resistor in C:\Users\patri\Google Drive\ts_19\Car\5. P&E\Future Schematics\ts_20-Precharge-Controller\191212 Precharge Controller R0\Safety Loops.SchDoc with Resistor from ts_20-standard-library.DbLib
Replace Part R57 Resistor in C:\Users\patri\Google Drive\ts_19\Car\5. P&E\Future Schematics\ts_20-Precharge-Controller\191212 Precharge Controller R0\Safety Loops.SchDoc with Resistor from ts_20-standard-library.DbLib
Replace Part R58 Resistor in C:\Users\patri\Google Drive\ts_19\Car\5. P&E\Future Schematics\ts_20-Precharge-Controller\191212 Precharge Controller R0\Safety Loops.SchDoc with Resistor from ts_20-standard-library.DbLib
Replace Part TS Bypass1 Header 1x2 in C:\Users\patri\Google Drive\ts_19\Car\5. P&E\Future Schematics\ts_20-Precharge-Controller\191212 Precharge Controller R0\Safety Loops.SchDoc with Header 1x2 from ts_20-standard-connectors.DbLib
Replace Part TS OK TP1 Test Point in C:\Users\patri\Google Drive\ts_19\Car\5. P&E\Future Schematics\ts_20-Precharge-Controller\191212 Precharge Controller R0\Safety Loops.SchDoc with Test Point from ts_20-standard-connectors.DbLib
Replace Part TS Relay1 V23105A5475A201 in C:\Users\patri\Google Drive\ts_19\Car\5. P&E\Future Schematics\ts_20-Precharge-Controller\191212 Precharge Controller R0\Safety Loops.SchDoc with V23105A5475A201 from ts_20-standard-library.DbLib
Replace Part U17 LTV-817S-TA1 in C:\Users\patri\Google Drive\ts_19\Car\5. P&E\Future Schematics\ts_20-Precharge-Controller\191212 Precharge Controller R0\Safety Loops.SchDoc with LTV-817S-TA1 from ts_20-standard-library.DbLib
Replace Part U18 LTV-817S-TA1 in C:\Users\patri\Google Drive\ts_19\Car\5. P&E\Future Schematics\ts_20-Precharge-Controller\191212 Precharge Controller R0\Safety Loops.SchDoc with LTV-817S-TA1 from ts_20-standard-library.DbLib
Replace Part U19 LTV-817S-TA1 in C:\Users\patri\Google Drive\ts_19\Car\5. P&E\Future Schematics\ts_20-Precharge-Controller\191212 Precharge Controller R0\Safety Loops.SchDoc with LTV-817S-TA1 from ts_20-standard-library.DbLib
