Replace Part C27 Capacitor (Polarised) in C:\Users\patri\Google Drive\ts_19\Car\5. P&E\Future Schematics\ts_20-Precharge-Controller\191212 Precharge Controller R0\Sensors.SchDoc with Capacitor (Polarised) from ts_20-standard-library.DbLib
Replace Part C28 Capacitor (Polarised) in C:\Users\patri\Google Drive\ts_19\Car\5. P&E\Future Schematics\ts_20-Precharge-Controller\191212 Precharge Controller R0\Sensors.SchDoc with Capacitor (Polarised) from ts_20-standard-library.DbLib
Replace Part COMP BYPASS C1 Capacitor in C:\Users\patri\Google Drive\ts_19\Car\5. P&E\Future Schematics\ts_20-Precharge-Controller\191212 Precharge Controller R0\Sensors.SchDoc with Capacitor from ts_20-standard-library.DbLib
Replace Part OP AMP BYPASS C1 Capacitor in C:\Users\patri\Google Drive\ts_19\Car\5. P&E\Future Schematics\ts_20-Precharge-Controller\191212 Precharge Controller R0\Sensors.SchDoc with Capacitor from ts_20-standard-library.DbLib
Replace Part PCB NTC1 Resistor in C:\Users\patri\Google Drive\ts_19\Car\5. P&E\Future Schematics\ts_20-Precharge-Controller\191212 Precharge Controller R0\Sensors.SchDoc with Resistor from ts_20-standard-library.DbLib
Replace Part PCB TEMP TP1 Test Point in C:\Users\patri\Google Drive\ts_19\Car\5. P&E\Future Schematics\ts_20-Precharge-Controller\191212 Precharge Controller R0\Sensors.SchDoc with Test Point from ts_20-standard-connectors.DbLib
Replace Part PDOC NTC1 Header 1x2 in C:\Users\patri\Google Drive\ts_19\Car\5. P&E\Future Schematics\ts_20-Precharge-Controller\191212 Precharge Controller R0\Sensors.SchDoc with Header 1x2 from ts_20-standard-connectors.DbLib
Replace Part PDOC TEMP AMP OUT TP1 Test Point in C:\Users\patri\Google Drive\ts_19\Car\5. P&E\Future Schematics\ts_20-Precharge-Controller\191212 Precharge Controller R0\Sensors.SchDoc with Test Point from ts_20-standard-connectors.DbLib
Replace Part PDOC TEMP REF TP1 Test Point in C:\Users\patri\Google Drive\ts_19\Car\5. P&E\Future Schematics\ts_20-Precharge-Controller\191212 Precharge Controller R0\Sensors.SchDoc with Test Point from ts_20-standard-connectors.DbLib
Replace Part PDOC TEMP TP1 Test Point in C:\Users\patri\Google Drive\ts_19\Car\5. P&E\Future Schematics\ts_20-Precharge-Controller\191212 Precharge Controller R0\Sensors.SchDoc with Test Point from ts_20-standard-connectors.DbLib
Replace Part PTC TEMP AMP OUT TP1 Test Point in C:\Users\patri\Google Drive\ts_19\Car\5. P&E\Future Schematics\ts_20-Precharge-Controller\191212 Precharge Controller R0\Sensors.SchDoc with Test Point from ts_20-standard-connectors.DbLib
Replace Part R59 Resistor in C:\Users\patri\Google Drive\ts_19\Car\5. P&E\Future Schematics\ts_20-Precharge-Controller\191212 Precharge Controller R0\Sensors.SchDoc with Resistor from ts_20-standard-library.DbLib
Replace Part R60 Resistor in C:\Users\patri\Google Drive\ts_19\Car\5. P&E\Future Schematics\ts_20-Precharge-Controller\191212 Precharge Controller R0\Sensors.SchDoc with Resistor from ts_20-standard-library.DbLib
Replace Part R61 Resistor in C:\Users\patri\Google Drive\ts_19\Car\5. P&E\Future Schematics\ts_20-Precharge-Controller\191212 Precharge Controller R0\Sensors.SchDoc with Resistor from ts_20-standard-library.DbLib
Replace Part R62 Resistor in C:\Users\patri\Google Drive\ts_19\Car\5. P&E\Future Schematics\ts_20-Precharge-Controller\191212 Precharge Controller R0\Sensors.SchDoc with Resistor from ts_20-standard-library.DbLib
Replace Part R63 Resistor in C:\Users\patri\Google Drive\ts_19\Car\5. P&E\Future Schematics\ts_20-Precharge-Controller\191212 Precharge Controller R0\Sensors.SchDoc with Resistor from ts_20-standard-library.DbLib
Replace Part R64 Resistor (Potentiometer) in C:\Users\patri\Google Drive\ts_19\Car\5. P&E\Future Schematics\ts_20-Precharge-Controller\191212 Precharge Controller R0\Sensors.SchDoc with Resistor (Potentiometer) from ts_20-standard-library.DbLib
Replace Part R65 Resistor in C:\Users\patri\Google Drive\ts_19\Car\5. P&E\Future Schematics\ts_20-Precharge-Controller\191212 Precharge Controller R0\Sensors.SchDoc with Resistor from ts_20-standard-library.DbLib
Replace Part R66 Resistor in C:\Users\patri\Google Drive\ts_19\Car\5. P&E\Future Schematics\ts_20-Precharge-Controller\191212 Precharge Controller R0\Sensors.SchDoc with Resistor from ts_20-standard-library.DbLib
Replace Part R67 Resistor in C:\Users\patri\Google Drive\ts_19\Car\5. P&E\Future Schematics\ts_20-Precharge-Controller\191212 Precharge Controller R0\Sensors.SchDoc with Resistor from ts_20-standard-library.DbLib
Replace Part U14 LM324D in C:\Users\patri\Google Drive\ts_19\Car\5. P&E\Future Schematics\ts_20-Precharge-Controller\191212 Precharge Controller R0\Sensors.SchDoc with LM324D from ts_20-standard-library.DbLib
Replace Part U14 LM324D in C:\Users\patri\Google Drive\ts_19\Car\5. P&E\Future Schematics\ts_20-Precharge-Controller\191212 Precharge Controller R0\Sensors.SchDoc with LM324D from ts_20-standard-library.DbLib
Replace Part U20 LMV339IDR in C:\Users\patri\Google Drive\ts_19\Car\5. P&E\Future Schematics\ts_20-Precharge-Controller\191212 Precharge Controller R0\Sensors.SchDoc with LMV339IDR from ts_20-standard-library.DbLib
Replace Part U? ACPL-C870 in C:\Users\patri\Google Drive\ts_19\Car\5. P&E\Future Schematics\ts_20-Precharge-Controller\191212 Precharge Controller R0\Sensors.SchDoc with ACPL-C870 from ts_20-standard-library.DbLib
Replace Part U? ADUM6028 in C:\Users\patri\Google Drive\ts_19\Car\5. P&E\Future Schematics\ts_20-Precharge-Controller\191212 Precharge Controller R0\Sensors.SchDoc with ADUM6028 from ts_20-standard-library.DbLib
