Change Component Designator: Old Designator=AIR+ INDC New Designator=AIR+ INDC1
Change Component Designator: Old Designator=AIR- INDC New Designator=AIR- INDC1
Change Component Designator: Old Designator=C30 New Designator=C34
Change Component Designator: Old Designator=C31 New Designator=C35
Change Component Designator: Old Designator=C32 New Designator=C36
Change Component Designator: Old Designator=C33 New Designator=C37
Change Component Designator: Old Designator=C34 New Designator=C38
Change Component Designator: Old Designator=C35 New Designator=C30
Change Component Designator: Old Designator=C36 New Designator=C31
Change Component Designator: Old Designator=C37 New Designator=C32
Change Component Designator: Old Designator=C38 New Designator=C33
Change Component Designator: Old Designator=C39 New Designator=C41
Change Component Designator: Old Designator=C40 New Designator=C39
Change Component Designator: Old Designator=C41 New Designator=C40
Change Component Designator: Old Designator=CAN RX INDC New Designator=CAN RX INDC1
Change Component Designator: Old Designator=CAN TX INDC New Designator=CAN TX INDC1
Change Component Designator: Old Designator=R68 New Designator=R69
Change Component Designator: Old Designator=R69 New Designator=R68
Change Component Designator: Old Designator=R70 New Designator=R73
Change Component Designator: Old Designator=R71 New Designator=R70
Change Component Designator: Old Designator=R72 New Designator=R71
Change Component Designator: Old Designator=R73 New Designator=R72
Change Component Designator: Old Designator=R74 New Designator=R78
Change Component Designator: Old Designator=R? New Designator=R74
Change Component Designator: Old Designator=R? New Designator=R75
Change Component Designator: Old Designator=R? New Designator=R76
Change Component Designator: Old Designator=R? New Designator=R77
Change Component Designator: Old Designator=U19 New Designator=U21
Change Component Designator: Old Designator=U20 New Designator=U22
