Removed Pin From Net: NetName=TEMP-1 Pin=TO ORION TEMP-1
Removed Pin From Net: NetName=TEMP+1 Pin=TO ORION TEMP-2
Removed Pin From Net: NetName=TEMP-2 Pin=TO ORION TEMP-3
Removed Pin From Net: NetName=TEMP+2 Pin=TO ORION TEMP-4
Removed Pin From Net: NetName=TEMP-3 Pin=TO ORION TEMP-5
Removed Pin From Net: NetName=TEMP+3 Pin=TO ORION TEMP-6
Removed Pin From Net: NetName=TEMP-4 Pin=TO ORION TEMP-7
Removed Pin From Net: NetName=TEMP+4 Pin=TO ORION TEMP-8
Removed Pin From Net: NetName=TEMP-5 Pin=TO ORION TEMP-9
Removed Pin From Net: NetName=TEMP+5 Pin=TO ORION TEMP-10
Removed Pin From Net: NetName=TEMP-6 Pin=TO ORION TEMP-11
Removed Pin From Net: NetName=TEMP+6 Pin=TO ORION TEMP-12
Removed Pin From Net: NetName=TEMP-7 Pin=TO ORION TEMP-13
Removed Pin From Net: NetName=TEMP+7 Pin=TO ORION TEMP-14
Removed Pin From Net: NetName=TEMP-8 Pin=TO ORION TEMP-15
Removed Pin From Net: NetName=TEMP+8 Pin=TO ORION TEMP-16
Added Pin To Net: NetName=TEMP-2 Pin=TO ORION TEMP-1
Added Pin To Net: NetName=TEMP-1 Pin=TO ORION TEMP-2
Added Pin To Net: NetName=TEMP+2 Pin=TO ORION TEMP-3
Added Pin To Net: NetName=TEMP+1 Pin=TO ORION TEMP-4
Added Pin To Net: NetName=TEMP-4 Pin=TO ORION TEMP-5
Added Pin To Net: NetName=TEMP-3 Pin=TO ORION TEMP-6
Added Pin To Net: NetName=TEMP+4 Pin=TO ORION TEMP-7
Added Pin To Net: NetName=TEMP+3 Pin=TO ORION TEMP-8
Added Pin To Net: NetName=TEMP-6 Pin=TO ORION TEMP-9
Added Pin To Net: NetName=TEMP-5 Pin=TO ORION TEMP-10
Added Pin To Net: NetName=TEMP+6 Pin=TO ORION TEMP-11
Added Pin To Net: NetName=TEMP+5 Pin=TO ORION TEMP-12
Added Pin To Net: NetName=TEMP-8 Pin=TO ORION TEMP-13
Added Pin To Net: NetName=TEMP-7 Pin=TO ORION TEMP-14
Added Pin To Net: NetName=TEMP+8 Pin=TO ORION TEMP-15
Added Pin To Net: NetName=TEMP+7 Pin=TO ORION TEMP-16
Added Member To Class: ClassName=Schematic Member=Component TO ORION BMS 1376113-6
