Removed Pin From Net: NetName=0V Pin=C15_U_4 Channel ADC1-1
Removed Pin From Net: NetName=0V Pin=C15_U_4 Channel ADC2-1
Removed Pin From Net: NetName=0V Pin=C16_U_4 Channel ADC1-1
Removed Pin From Net: NetName=0V Pin=C16_U_4 Channel ADC2-1
Removed Pin From Net: NetName=0V Pin=C17_U_4 Channel ADC1-1
Removed Pin From Net: NetName=0V Pin=C17_U_4 Channel ADC2-1
Removed Pin From Net: NetName=0V Pin=C18_U_4 Channel ADC1-1
Removed Pin From Net: NetName=0V Pin=C18_U_4 Channel ADC2-1
Removed Pin From Net: NetName=NetMUX TP1_U_Multiplexer Bank4_1 Pin=R2_U_4 Channel ADC1-1
Removed Pin From Net: NetName=NetMUX TP1_U_Multiplexer Bank1_1 Pin=R2_U_4 Channel ADC2-1
Removed Pin From Net: NetName=NetMUX TP1_U_Multiplexer Bank3_1 Pin=R3_U_4 Channel ADC1-1
Removed Pin From Net: NetName=NetMUX TP1_U_Multiplexer Bank5_1 Pin=R3_U_4 Channel ADC2-1
Removed Pin From Net: NetName=NetMUX TP1_U_Multiplexer Bank2_1 Pin=R4_U_4 Channel ADC1-1
Removed Member From Class: ClassName=U_4 Channel ADC1 Member=C15_U_4 Channel ADC1
Removed Member From Class: ClassName=U_4 Channel ADC2 Member=C15_U_4 Channel ADC2
Removed Member From Class: ClassName=U_4 Channel ADC1 Member=C16_U_4 Channel ADC1
Removed Member From Class: ClassName=U_4 Channel ADC2 Member=C16_U_4 Channel ADC2
Removed Member From Class: ClassName=U_4 Channel ADC1 Member=C17_U_4 Channel ADC1
Removed Member From Class: ClassName=U_4 Channel ADC2 Member=C17_U_4 Channel ADC2
Removed Member From Class: ClassName=U_4 Channel ADC1 Member=C18_U_4 Channel ADC1
Removed Member From Class: ClassName=U_4 Channel ADC2 Member=C18_U_4 Channel ADC2
Removed Member From Class: ClassName=U_4 Channel ADC1 Member=R2_U_4 Channel ADC1
Removed Member From Class: ClassName=U_4 Channel ADC2 Member=R2_U_4 Channel ADC2
Removed Member From Class: ClassName=U_4 Channel ADC1 Member=R3_U_4 Channel ADC1
Removed Member From Class: ClassName=U_4 Channel ADC2 Member=R3_U_4 Channel ADC2
Removed Member From Class: ClassName=U_4 Channel ADC1 Member=R4_U_4 Channel ADC1
Removed Member From Class: ClassName=U_4 Channel ADC2 Member=R4_U_4 Channel ADC2
Removed Member From Class: ClassName=U_4 Channel ADC1 Member=R5_U_4 Channel ADC1
Removed Member From Class: ClassName=U_4 Channel ADC2 Member=R5_U_4 Channel ADC2
Added Component: Designator=C15_U_Multiplexer Bank1(0805)
Add component. Clean all parameters for all variants
Add component (AddParameter): Name = "Manufacturer"; Value = "muRata"; VariantName = "[No Variations]"
Add component (AddParameter): Name = "Material"; Value = "X7R"; VariantName = "[No Variations]"
Add component (AddParameter): Name = "Part Number"; Value = "GCM21BR71E104KA37L"; VariantName = "[No Variations]"
Add component (AddParameter): Name = "Rated Voltage"; Value = "25V"; VariantName = "[No Variations]"
Add component (AddParameter): Name = "Tolerance"; Value = "10%"; VariantName = "[No Variations]"
Add component (AddParameter): Name = "Value"; Value = "100nF"; VariantName = "[No Variations]"
Added Component: Designator=C15_U_Multiplexer Bank2(0805)
Add component. Clean all parameters for all variants
Add component (AddParameter): Name = "Manufacturer"; Value = "muRata"; VariantName = "[No Variations]"
Add component (AddParameter): Name = "Material"; Value = "X7R"; VariantName = "[No Variations]"
Add component (AddParameter): Name = "Part Number"; Value = "GCM21BR71E104KA37L"; VariantName = "[No Variations]"
Add component (AddParameter): Name = "Rated Voltage"; Value = "25V"; VariantName = "[No Variations]"
Add component (AddParameter): Name = "Tolerance"; Value = "10%"; VariantName = "[No Variations]"
Add component (AddParameter): Name = "Value"; Value = "100nF"; VariantName = "[No Variations]"
Added Component: Designator=C15_U_Multiplexer Bank3(0805)
Add component. Clean all parameters for all variants
Add component (AddParameter): Name = "Manufacturer"; Value = "muRata"; VariantName = "[No Variations]"
Add component (AddParameter): Name = "Material"; Value = "X7R"; VariantName = "[No Variations]"
Add component (AddParameter): Name = "Part Number"; Value = "GCM21BR71E104KA37L"; VariantName = "[No Variations]"
Add component (AddParameter): Name = "Rated Voltage"; Value = "25V"; VariantName = "[No Variations]"
Add component (AddParameter): Name = "Tolerance"; Value = "10%"; VariantName = "[No Variations]"
Add component (AddParameter): Name = "Value"; Value = "100nF"; VariantName = "[No Variations]"
Added Component: Designator=C15_U_Multiplexer Bank4(0805)
Add component. Clean all parameters for all variants
Add component (AddParameter): Name = "Manufacturer"; Value = "muRata"; VariantName = "[No Variations]"
Add component (AddParameter): Name = "Material"; Value = "X7R"; VariantName = "[No Variations]"
Add component (AddParameter): Name = "Part Number"; Value = "GCM21BR71E104KA37L"; VariantName = "[No Variations]"
Add component (AddParameter): Name = "Rated Voltage"; Value = "25V"; VariantName = "[No Variations]"
Add component (AddParameter): Name = "Tolerance"; Value = "10%"; VariantName = "[No Variations]"
Add component (AddParameter): Name = "Value"; Value = "100nF"; VariantName = "[No Variations]"
Added Component: Designator=C15_U_Multiplexer Bank5(0805)
Add component. Clean all parameters for all variants
Add component (AddParameter): Name = "Manufacturer"; Value = "muRata"; VariantName = "[No Variations]"
Add component (AddParameter): Name = "Material"; Value = "X7R"; VariantName = "[No Variations]"
Add component (AddParameter): Name = "Part Number"; Value = "GCM21BR71E104KA37L"; VariantName = "[No Variations]"
Add component (AddParameter): Name = "Rated Voltage"; Value = "25V"; VariantName = "[No Variations]"
Add component (AddParameter): Name = "Tolerance"; Value = "10%"; VariantName = "[No Variations]"
Add component (AddParameter): Name = "Value"; Value = "100nF"; VariantName = "[No Variations]"
Added Component: Designator=C16_U_Multiplexer Bank1(0805)
Add component. Clean all parameters for all variants
Add component (AddParameter): Name = "Manufacturer"; Value = "muRata"; VariantName = "[No Variations]"
Add component (AddParameter): Name = "Material"; Value = "X7R"; VariantName = "[No Variations]"
Add component (AddParameter): Name = "Part Number"; Value = "GCM21BR71E104KA37L"; VariantName = "[No Variations]"
Add component (AddParameter): Name = "Rated Voltage"; Value = "25V"; VariantName = "[No Variations]"
Add component (AddParameter): Name = "Tolerance"; Value = "10%"; VariantName = "[No Variations]"
Add component (AddParameter): Name = "Value"; Value = "100nF"; VariantName = "[No Variations]"
Added Component: Designator=C16_U_Multiplexer Bank2(0805)
Add component. Clean all parameters for all variants
Add component (AddParameter): Name = "Manufacturer"; Value = "muRata"; VariantName = "[No Variations]"
Add component (AddParameter): Name = "Material"; Value = "X7R"; VariantName = "[No Variations]"
Add component (AddParameter): Name = "Part Number"; Value = "GCM21BR71E104KA37L"; VariantName = "[No Variations]"
Add component (AddParameter): Name = "Rated Voltage"; Value = "25V"; VariantName = "[No Variations]"
Add component (AddParameter): Name = "Tolerance"; Value = "10%"; VariantName = "[No Variations]"
Add component (AddParameter): Name = "Value"; Value = "100nF"; VariantName = "[No Variations]"
Added Component: Designator=C16_U_Multiplexer Bank3(0805)
Add component. Clean all parameters for all variants
Add component (AddParameter): Name = "Manufacturer"; Value = "muRata"; VariantName = "[No Variations]"
Add component (AddParameter): Name = "Material"; Value = "X7R"; VariantName = "[No Variations]"
Add component (AddParameter): Name = "Part Number"; Value = "GCM21BR71E104KA37L"; VariantName = "[No Variations]"
Add component (AddParameter): Name = "Rated Voltage"; Value = "25V"; VariantName = "[No Variations]"
Add component (AddParameter): Name = "Tolerance"; Value = "10%"; VariantName = "[No Variations]"
Add component (AddParameter): Name = "Value"; Value = "100nF"; VariantName = "[No Variations]"
Added Component: Designator=C16_U_Multiplexer Bank4(0805)
Add component. Clean all parameters for all variants
Add component (AddParameter): Name = "Manufacturer"; Value = "muRata"; VariantName = "[No Variations]"
Add component (AddParameter): Name = "Material"; Value = "X7R"; VariantName = "[No Variations]"
Add component (AddParameter): Name = "Part Number"; Value = "GCM21BR71E104KA37L"; VariantName = "[No Variations]"
Add component (AddParameter): Name = "Rated Voltage"; Value = "25V"; VariantName = "[No Variations]"
Add component (AddParameter): Name = "Tolerance"; Value = "10%"; VariantName = "[No Variations]"
Add component (AddParameter): Name = "Value"; Value = "100nF"; VariantName = "[No Variations]"
Added Component: Designator=C16_U_Multiplexer Bank5(0805)
Add component. Clean all parameters for all variants
Add component (AddParameter): Name = "Manufacturer"; Value = "muRata"; VariantName = "[No Variations]"
Add component (AddParameter): Name = "Material"; Value = "X7R"; VariantName = "[No Variations]"
Add component (AddParameter): Name = "Part Number"; Value = "GCM21BR71E104KA37L"; VariantName = "[No Variations]"
Add component (AddParameter): Name = "Rated Voltage"; Value = "25V"; VariantName = "[No Variations]"
Add component (AddParameter): Name = "Tolerance"; Value = "10%"; VariantName = "[No Variations]"
Add component (AddParameter): Name = "Value"; Value = "100nF"; VariantName = "[No Variations]"
Added Component: Designator=C17_U_Multiplexer Bank1(0805)
Add component. Clean all parameters for all variants
Add component (AddParameter): Name = "Manufacturer"; Value = "muRata"; VariantName = "[No Variations]"
Add component (AddParameter): Name = "Material"; Value = "X7R"; VariantName = "[No Variations]"
Add component (AddParameter): Name = "Part Number"; Value = "GCM21BR71E104KA37L"; VariantName = "[No Variations]"
Add component (AddParameter): Name = "Rated Voltage"; Value = "25V"; VariantName = "[No Variations]"
Add component (AddParameter): Name = "Tolerance"; Value = "10%"; VariantName = "[No Variations]"
Add component (AddParameter): Name = "Value"; Value = "100nF"; VariantName = "[No Variations]"
Added Component: Designator=C17_U_Multiplexer Bank2(0805)
Add component. Clean all parameters for all variants
Add component (AddParameter): Name = "Manufacturer"; Value = "muRata"; VariantName = "[No Variations]"
Add component (AddParameter): Name = "Material"; Value = "X7R"; VariantName = "[No Variations]"
Add component (AddParameter): Name = "Part Number"; Value = "GCM21BR71E104KA37L"; VariantName = "[No Variations]"
Add component (AddParameter): Name = "Rated Voltage"; Value = "25V"; VariantName = "[No Variations]"
Add component (AddParameter): Name = "Tolerance"; Value = "10%"; VariantName = "[No Variations]"
Add component (AddParameter): Name = "Value"; Value = "100nF"; VariantName = "[No Variations]"
Added Component: Designator=C17_U_Multiplexer Bank3(0805)
Add component. Clean all parameters for all variants
Add component (AddParameter): Name = "Manufacturer"; Value = "muRata"; VariantName = "[No Variations]"
Add component (AddParameter): Name = "Material"; Value = "X7R"; VariantName = "[No Variations]"
Add component (AddParameter): Name = "Part Number"; Value = "GCM21BR71E104KA37L"; VariantName = "[No Variations]"
Add component (AddParameter): Name = "Rated Voltage"; Value = "25V"; VariantName = "[No Variations]"
Add component (AddParameter): Name = "Tolerance"; Value = "10%"; VariantName = "[No Variations]"
Add component (AddParameter): Name = "Value"; Value = "100nF"; VariantName = "[No Variations]"
Added Component: Designator=C17_U_Multiplexer Bank4(0805)
Add component. Clean all parameters for all variants
Add component (AddParameter): Name = "Manufacturer"; Value = "muRata"; VariantName = "[No Variations]"
Add component (AddParameter): Name = "Material"; Value = "X7R"; VariantName = "[No Variations]"
Add component (AddParameter): Name = "Part Number"; Value = "GCM21BR71E104KA37L"; VariantName = "[No Variations]"
Add component (AddParameter): Name = "Rated Voltage"; Value = "25V"; VariantName = "[No Variations]"
Add component (AddParameter): Name = "Tolerance"; Value = "10%"; VariantName = "[No Variations]"
Add component (AddParameter): Name = "Value"; Value = "100nF"; VariantName = "[No Variations]"
Added Component: Designator=C17_U_Multiplexer Bank5(0805)
Add component. Clean all parameters for all variants
Add component (AddParameter): Name = "Manufacturer"; Value = "muRata"; VariantName = "[No Variations]"
Add component (AddParameter): Name = "Material"; Value = "X7R"; VariantName = "[No Variations]"
Add component (AddParameter): Name = "Part Number"; Value = "GCM21BR71E104KA37L"; VariantName = "[No Variations]"
Add component (AddParameter): Name = "Rated Voltage"; Value = "25V"; VariantName = "[No Variations]"
Add component (AddParameter): Name = "Tolerance"; Value = "10%"; VariantName = "[No Variations]"
Add component (AddParameter): Name = "Value"; Value = "100nF"; VariantName = "[No Variations]"
Added Component: Designator=C18_U_Multiplexer Bank1(0805)
Add component. Clean all parameters for all variants
Add component (AddParameter): Name = "Manufacturer"; Value = "muRata"; VariantName = "[No Variations]"
Add component (AddParameter): Name = "Material"; Value = "X7R"; VariantName = "[No Variations]"
Add component (AddParameter): Name = "Part Number"; Value = "GCM21BR71E104KA37L"; VariantName = "[No Variations]"
Add component (AddParameter): Name = "Rated Voltage"; Value = "25V"; VariantName = "[No Variations]"
Add component (AddParameter): Name = "Tolerance"; Value = "10%"; VariantName = "[No Variations]"
Add component (AddParameter): Name = "Value"; Value = "100nF"; VariantName = "[No Variations]"
Added Component: Designator=C18_U_Multiplexer Bank2(0805)
Add component. Clean all parameters for all variants
Add component (AddParameter): Name = "Manufacturer"; Value = "muRata"; VariantName = "[No Variations]"
Add component (AddParameter): Name = "Material"; Value = "X7R"; VariantName = "[No Variations]"
Add component (AddParameter): Name = "Part Number"; Value = "GCM21BR71E104KA37L"; VariantName = "[No Variations]"
Add component (AddParameter): Name = "Rated Voltage"; Value = "25V"; VariantName = "[No Variations]"
Add component (AddParameter): Name = "Tolerance"; Value = "10%"; VariantName = "[No Variations]"
Add component (AddParameter): Name = "Value"; Value = "100nF"; VariantName = "[No Variations]"
Added Component: Designator=C18_U_Multiplexer Bank3(0805)
Add component. Clean all parameters for all variants
Add component (AddParameter): Name = "Manufacturer"; Value = "muRata"; VariantName = "[No Variations]"
Add component (AddParameter): Name = "Material"; Value = "X7R"; VariantName = "[No Variations]"
Add component (AddParameter): Name = "Part Number"; Value = "GCM21BR71E104KA37L"; VariantName = "[No Variations]"
Add component (AddParameter): Name = "Rated Voltage"; Value = "25V"; VariantName = "[No Variations]"
Add component (AddParameter): Name = "Tolerance"; Value = "10%"; VariantName = "[No Variations]"
Add component (AddParameter): Name = "Value"; Value = "100nF"; VariantName = "[No Variations]"
Added Component: Designator=C18_U_Multiplexer Bank4(0805)
Add component. Clean all parameters for all variants
Add component (AddParameter): Name = "Manufacturer"; Value = "muRata"; VariantName = "[No Variations]"
Add component (AddParameter): Name = "Material"; Value = "X7R"; VariantName = "[No Variations]"
Add component (AddParameter): Name = "Part Number"; Value = "GCM21BR71E104KA37L"; VariantName = "[No Variations]"
Add component (AddParameter): Name = "Rated Voltage"; Value = "25V"; VariantName = "[No Variations]"
Add component (AddParameter): Name = "Tolerance"; Value = "10%"; VariantName = "[No Variations]"
Add component (AddParameter): Name = "Value"; Value = "100nF"; VariantName = "[No Variations]"
Added Component: Designator=C18_U_Multiplexer Bank5(0805)
Add component. Clean all parameters for all variants
Add component (AddParameter): Name = "Manufacturer"; Value = "muRata"; VariantName = "[No Variations]"
Add component (AddParameter): Name = "Material"; Value = "X7R"; VariantName = "[No Variations]"
Add component (AddParameter): Name = "Part Number"; Value = "GCM21BR71E104KA37L"; VariantName = "[No Variations]"
Add component (AddParameter): Name = "Rated Voltage"; Value = "25V"; VariantName = "[No Variations]"
Add component (AddParameter): Name = "Tolerance"; Value = "10%"; VariantName = "[No Variations]"
Add component (AddParameter): Name = "Value"; Value = "100nF"; VariantName = "[No Variations]"
Added Component: Designator=C35_U_Multiplexer Bank1(0805)
Add component. Clean all parameters for all variants
Add component (AddParameter): Name = "Manufacturer"; Value = "muRata"; VariantName = "[No Variations]"
Add component (AddParameter): Name = "Material"; Value = "X7R"; VariantName = "[No Variations]"
Add component (AddParameter): Name = "Part Number"; Value = "GCM21BR71E104KA37L"; VariantName = "[No Variations]"
Add component (AddParameter): Name = "Rated Voltage"; Value = "25V"; VariantName = "[No Variations]"
Add component (AddParameter): Name = "Tolerance"; Value = "10%"; VariantName = "[No Variations]"
Add component (AddParameter): Name = "Value"; Value = "100nF"; VariantName = "[No Variations]"
Added Component: Designator=C35_U_Multiplexer Bank2(0805)
Add component. Clean all parameters for all variants
Add component (AddParameter): Name = "Manufacturer"; Value = "muRata"; VariantName = "[No Variations]"
Add component (AddParameter): Name = "Material"; Value = "X7R"; VariantName = "[No Variations]"
Add component (AddParameter): Name = "Part Number"; Value = "GCM21BR71E104KA37L"; VariantName = "[No Variations]"
Add component (AddParameter): Name = "Rated Voltage"; Value = "25V"; VariantName = "[No Variations]"
Add component (AddParameter): Name = "Tolerance"; Value = "10%"; VariantName = "[No Variations]"
Add component (AddParameter): Name = "Value"; Value = "100nF"; VariantName = "[No Variations]"
Added Component: Designator=C35_U_Multiplexer Bank3(0805)
Add component. Clean all parameters for all variants
Add component (AddParameter): Name = "Manufacturer"; Value = "muRata"; VariantName = "[No Variations]"
Add component (AddParameter): Name = "Material"; Value = "X7R"; VariantName = "[No Variations]"
Add component (AddParameter): Name = "Part Number"; Value = "GCM21BR71E104KA37L"; VariantName = "[No Variations]"
Add component (AddParameter): Name = "Rated Voltage"; Value = "25V"; VariantName = "[No Variations]"
Add component (AddParameter): Name = "Tolerance"; Value = "10%"; VariantName = "[No Variations]"
Add component (AddParameter): Name = "Value"; Value = "100nF"; VariantName = "[No Variations]"
Added Component: Designator=C35_U_Multiplexer Bank4(0805)
Add component. Clean all parameters for all variants
Add component (AddParameter): Name = "Manufacturer"; Value = "muRata"; VariantName = "[No Variations]"
Add component (AddParameter): Name = "Material"; Value = "X7R"; VariantName = "[No Variations]"
Add component (AddParameter): Name = "Part Number"; Value = "GCM21BR71E104KA37L"; VariantName = "[No Variations]"
Add component (AddParameter): Name = "Rated Voltage"; Value = "25V"; VariantName = "[No Variations]"
Add component (AddParameter): Name = "Tolerance"; Value = "10%"; VariantName = "[No Variations]"
Add component (AddParameter): Name = "Value"; Value = "100nF"; VariantName = "[No Variations]"
Added Component: Designator=C35_U_Multiplexer Bank5(0805)
Add component. Clean all parameters for all variants
Add component (AddParameter): Name = "Manufacturer"; Value = "muRata"; VariantName = "[No Variations]"
Add component (AddParameter): Name = "Material"; Value = "X7R"; VariantName = "[No Variations]"
Add component (AddParameter): Name = "Part Number"; Value = "GCM21BR71E104KA37L"; VariantName = "[No Variations]"
Add component (AddParameter): Name = "Rated Voltage"; Value = "25V"; VariantName = "[No Variations]"
Add component (AddParameter): Name = "Tolerance"; Value = "10%"; VariantName = "[No Variations]"
Add component (AddParameter): Name = "Value"; Value = "100nF"; VariantName = "[No Variations]"
Added Component: Designator=C36_U_Multiplexer Bank1(0805)
Add component. Clean all parameters for all variants
Add component (AddParameter): Name = "Manufacturer"; Value = "muRata"; VariantName = "[No Variations]"
Add component (AddParameter): Name = "Material"; Value = "X7R"; VariantName = "[No Variations]"
Add component (AddParameter): Name = "Part Number"; Value = "GCM21BR71E104KA37L"; VariantName = "[No Variations]"
Add component (AddParameter): Name = "Rated Voltage"; Value = "25V"; VariantName = "[No Variations]"
Add component (AddParameter): Name = "Tolerance"; Value = "10%"; VariantName = "[No Variations]"
Add component (AddParameter): Name = "Value"; Value = "100nF"; VariantName = "[No Variations]"
Added Component: Designator=C36_U_Multiplexer Bank2(0805)
Add component. Clean all parameters for all variants
Add component (AddParameter): Name = "Manufacturer"; Value = "muRata"; VariantName = "[No Variations]"
Add component (AddParameter): Name = "Material"; Value = "X7R"; VariantName = "[No Variations]"
Add component (AddParameter): Name = "Part Number"; Value = "GCM21BR71E104KA37L"; VariantName = "[No Variations]"
Add component (AddParameter): Name = "Rated Voltage"; Value = "25V"; VariantName = "[No Variations]"
Add component (AddParameter): Name = "Tolerance"; Value = "10%"; VariantName = "[No Variations]"
Add component (AddParameter): Name = "Value"; Value = "100nF"; VariantName = "[No Variations]"
Added Component: Designator=C36_U_Multiplexer Bank3(0805)
Add component. Clean all parameters for all variants
Add component (AddParameter): Name = "Manufacturer"; Value = "muRata"; VariantName = "[No Variations]"
Add component (AddParameter): Name = "Material"; Value = "X7R"; VariantName = "[No Variations]"
Add component (AddParameter): Name = "Part Number"; Value = "GCM21BR71E104KA37L"; VariantName = "[No Variations]"
Add component (AddParameter): Name = "Rated Voltage"; Value = "25V"; VariantName = "[No Variations]"
Add component (AddParameter): Name = "Tolerance"; Value = "10%"; VariantName = "[No Variations]"
Add component (AddParameter): Name = "Value"; Value = "100nF"; VariantName = "[No Variations]"
Added Component: Designator=C36_U_Multiplexer Bank4(0805)
Add component. Clean all parameters for all variants
Add component (AddParameter): Name = "Manufacturer"; Value = "muRata"; VariantName = "[No Variations]"
Add component (AddParameter): Name = "Material"; Value = "X7R"; VariantName = "[No Variations]"
Add component (AddParameter): Name = "Part Number"; Value = "GCM21BR71E104KA37L"; VariantName = "[No Variations]"
Add component (AddParameter): Name = "Rated Voltage"; Value = "25V"; VariantName = "[No Variations]"
Add component (AddParameter): Name = "Tolerance"; Value = "10%"; VariantName = "[No Variations]"
Add component (AddParameter): Name = "Value"; Value = "100nF"; VariantName = "[No Variations]"
Added Component: Designator=C36_U_Multiplexer Bank5(0805)
Add component. Clean all parameters for all variants
Add component (AddParameter): Name = "Manufacturer"; Value = "muRata"; VariantName = "[No Variations]"
Add component (AddParameter): Name = "Material"; Value = "X7R"; VariantName = "[No Variations]"
Add component (AddParameter): Name = "Part Number"; Value = "GCM21BR71E104KA37L"; VariantName = "[No Variations]"
Add component (AddParameter): Name = "Rated Voltage"; Value = "25V"; VariantName = "[No Variations]"
Add component (AddParameter): Name = "Tolerance"; Value = "10%"; VariantName = "[No Variations]"
Add component (AddParameter): Name = "Value"; Value = "100nF"; VariantName = "[No Variations]"
Added Component: Designator=C37_U_Multiplexer Bank1(0805)
Add component. Clean all parameters for all variants
Add component (AddParameter): Name = "Manufacturer"; Value = "muRata"; VariantName = "[No Variations]"
Add component (AddParameter): Name = "Material"; Value = "X7R"; VariantName = "[No Variations]"
Add component (AddParameter): Name = "Part Number"; Value = "GCM21BR71E104KA37L"; VariantName = "[No Variations]"
Add component (AddParameter): Name = "Rated Voltage"; Value = "25V"; VariantName = "[No Variations]"
Add component (AddParameter): Name = "Tolerance"; Value = "10%"; VariantName = "[No Variations]"
Add component (AddParameter): Name = "Value"; Value = "100nF"; VariantName = "[No Variations]"
Added Component: Designator=C37_U_Multiplexer Bank2(0805)
Add component. Clean all parameters for all variants
Add component (AddParameter): Name = "Manufacturer"; Value = "muRata"; VariantName = "[No Variations]"
Add component (AddParameter): Name = "Material"; Value = "X7R"; VariantName = "[No Variations]"
Add component (AddParameter): Name = "Part Number"; Value = "GCM21BR71E104KA37L"; VariantName = "[No Variations]"
Add component (AddParameter): Name = "Rated Voltage"; Value = "25V"; VariantName = "[No Variations]"
Add component (AddParameter): Name = "Tolerance"; Value = "10%"; VariantName = "[No Variations]"
Add component (AddParameter): Name = "Value"; Value = "100nF"; VariantName = "[No Variations]"
Added Component: Designator=C37_U_Multiplexer Bank3(0805)
Add component. Clean all parameters for all variants
Add component (AddParameter): Name = "Manufacturer"; Value = "muRata"; VariantName = "[No Variations]"
Add component (AddParameter): Name = "Material"; Value = "X7R"; VariantName = "[No Variations]"
Add component (AddParameter): Name = "Part Number"; Value = "GCM21BR71E104KA37L"; VariantName = "[No Variations]"
Add component (AddParameter): Name = "Rated Voltage"; Value = "25V"; VariantName = "[No Variations]"
Add component (AddParameter): Name = "Tolerance"; Value = "10%"; VariantName = "[No Variations]"
Add component (AddParameter): Name = "Value"; Value = "100nF"; VariantName = "[No Variations]"
Added Component: Designator=C37_U_Multiplexer Bank4(0805)
Add component. Clean all parameters for all variants
Add component (AddParameter): Name = "Manufacturer"; Value = "muRata"; VariantName = "[No Variations]"
Add component (AddParameter): Name = "Material"; Value = "X7R"; VariantName = "[No Variations]"
Add component (AddParameter): Name = "Part Number"; Value = "GCM21BR71E104KA37L"; VariantName = "[No Variations]"
Add component (AddParameter): Name = "Rated Voltage"; Value = "25V"; VariantName = "[No Variations]"
Add component (AddParameter): Name = "Tolerance"; Value = "10%"; VariantName = "[No Variations]"
Add component (AddParameter): Name = "Value"; Value = "100nF"; VariantName = "[No Variations]"
Added Component: Designator=C37_U_Multiplexer Bank5(0805)
Add component. Clean all parameters for all variants
Add component (AddParameter): Name = "Manufacturer"; Value = "muRata"; VariantName = "[No Variations]"
Add component (AddParameter): Name = "Material"; Value = "X7R"; VariantName = "[No Variations]"
Add component (AddParameter): Name = "Part Number"; Value = "GCM21BR71E104KA37L"; VariantName = "[No Variations]"
Add component (AddParameter): Name = "Rated Voltage"; Value = "25V"; VariantName = "[No Variations]"
Add component (AddParameter): Name = "Tolerance"; Value = "10%"; VariantName = "[No Variations]"
Add component (AddParameter): Name = "Value"; Value = "100nF"; VariantName = "[No Variations]"
Added Component: Designator=C38_U_Multiplexer Bank1(0805)
Add component. Clean all parameters for all variants
Add component (AddParameter): Name = "Manufacturer"; Value = "muRata"; VariantName = "[No Variations]"
Add component (AddParameter): Name = "Material"; Value = "X7R"; VariantName = "[No Variations]"
Add component (AddParameter): Name = "Part Number"; Value = "GCM21BR71E104KA37L"; VariantName = "[No Variations]"
Add component (AddParameter): Name = "Rated Voltage"; Value = "25V"; VariantName = "[No Variations]"
Add component (AddParameter): Name = "Tolerance"; Value = "10%"; VariantName = "[No Variations]"
Add component (AddParameter): Name = "Value"; Value = "100nF"; VariantName = "[No Variations]"
Added Component: Designator=C38_U_Multiplexer Bank2(0805)
Add component. Clean all parameters for all variants
Add component (AddParameter): Name = "Manufacturer"; Value = "muRata"; VariantName = "[No Variations]"
Add component (AddParameter): Name = "Material"; Value = "X7R"; VariantName = "[No Variations]"
Add component (AddParameter): Name = "Part Number"; Value = "GCM21BR71E104KA37L"; VariantName = "[No Variations]"
Add component (AddParameter): Name = "Rated Voltage"; Value = "25V"; VariantName = "[No Variations]"
Add component (AddParameter): Name = "Tolerance"; Value = "10%"; VariantName = "[No Variations]"
Add component (AddParameter): Name = "Value"; Value = "100nF"; VariantName = "[No Variations]"
Added Component: Designator=C38_U_Multiplexer Bank3(0805)
Add component. Clean all parameters for all variants
Add component (AddParameter): Name = "Manufacturer"; Value = "muRata"; VariantName = "[No Variations]"
Add component (AddParameter): Name = "Material"; Value = "X7R"; VariantName = "[No Variations]"
Add component (AddParameter): Name = "Part Number"; Value = "GCM21BR71E104KA37L"; VariantName = "[No Variations]"
Add component (AddParameter): Name = "Rated Voltage"; Value = "25V"; VariantName = "[No Variations]"
Add component (AddParameter): Name = "Tolerance"; Value = "10%"; VariantName = "[No Variations]"
Add component (AddParameter): Name = "Value"; Value = "100nF"; VariantName = "[No Variations]"
Added Component: Designator=C38_U_Multiplexer Bank4(0805)
Add component. Clean all parameters for all variants
Add component (AddParameter): Name = "Manufacturer"; Value = "muRata"; VariantName = "[No Variations]"
Add component (AddParameter): Name = "Material"; Value = "X7R"; VariantName = "[No Variations]"
Add component (AddParameter): Name = "Part Number"; Value = "GCM21BR71E104KA37L"; VariantName = "[No Variations]"
Add component (AddParameter): Name = "Rated Voltage"; Value = "25V"; VariantName = "[No Variations]"
Add component (AddParameter): Name = "Tolerance"; Value = "10%"; VariantName = "[No Variations]"
Add component (AddParameter): Name = "Value"; Value = "100nF"; VariantName = "[No Variations]"
Added Component: Designator=C38_U_Multiplexer Bank5(0805)
Add component. Clean all parameters for all variants
Add component (AddParameter): Name = "Manufacturer"; Value = "muRata"; VariantName = "[No Variations]"
Add component (AddParameter): Name = "Material"; Value = "X7R"; VariantName = "[No Variations]"
Add component (AddParameter): Name = "Part Number"; Value = "GCM21BR71E104KA37L"; VariantName = "[No Variations]"
Add component (AddParameter): Name = "Rated Voltage"; Value = "25V"; VariantName = "[No Variations]"
Add component (AddParameter): Name = "Tolerance"; Value = "10%"; VariantName = "[No Variations]"
Add component (AddParameter): Name = "Value"; Value = "100nF"; VariantName = "[No Variations]"
Added Pin To Net: NetName=0V Pin=C15_U_Multiplexer Bank1-1
Added Pin To Net: NetName=D1 Pin=C15_U_Multiplexer Bank1-2
Added Pin To Net: NetName=0V Pin=C15_U_Multiplexer Bank2-1
Added Pin To Net: NetName=C1 Pin=C15_U_Multiplexer Bank2-2
Added Pin To Net: NetName=0V Pin=C15_U_Multiplexer Bank3-1
Added Pin To Net: NetName=B1 Pin=C15_U_Multiplexer Bank3-2
Added Pin To Net: NetName=0V Pin=C15_U_Multiplexer Bank4-1
Added Pin To Net: NetName=A1 Pin=C15_U_Multiplexer Bank4-2
Added Pin To Net: NetName=0V Pin=C15_U_Multiplexer Bank5-1
Added Pin To Net: NetName=E1 Pin=C15_U_Multiplexer Bank5-2
Added Pin To Net: NetName=0V Pin=C16_U_Multiplexer Bank1-1
Added Pin To Net: NetName=D2 Pin=C16_U_Multiplexer Bank1-2
Added Pin To Net: NetName=0V Pin=C16_U_Multiplexer Bank2-1
Added Pin To Net: NetName=C2 Pin=C16_U_Multiplexer Bank2-2
Added Pin To Net: NetName=0V Pin=C16_U_Multiplexer Bank3-1
Added Pin To Net: NetName=B2 Pin=C16_U_Multiplexer Bank3-2
Added Pin To Net: NetName=0V Pin=C16_U_Multiplexer Bank4-1
Added Pin To Net: NetName=A2 Pin=C16_U_Multiplexer Bank4-2
Added Pin To Net: NetName=0V Pin=C16_U_Multiplexer Bank5-1
Added Pin To Net: NetName=E2 Pin=C16_U_Multiplexer Bank5-2
Added Pin To Net: NetName=0V Pin=C17_U_Multiplexer Bank1-1
Added Pin To Net: NetName=D3 Pin=C17_U_Multiplexer Bank1-2
Added Pin To Net: NetName=0V Pin=C17_U_Multiplexer Bank2-1
Added Pin To Net: NetName=C3 Pin=C17_U_Multiplexer Bank2-2
Added Pin To Net: NetName=0V Pin=C17_U_Multiplexer Bank3-1
Added Pin To Net: NetName=B3 Pin=C17_U_Multiplexer Bank3-2
Added Pin To Net: NetName=0V Pin=C17_U_Multiplexer Bank4-1
Added Pin To Net: NetName=A3 Pin=C17_U_Multiplexer Bank4-2
Added Pin To Net: NetName=0V Pin=C17_U_Multiplexer Bank5-1
Added Pin To Net: NetName=E3 Pin=C17_U_Multiplexer Bank5-2
Added Pin To Net: NetName=0V Pin=C18_U_Multiplexer Bank1-1
Added Pin To Net: NetName=D4 Pin=C18_U_Multiplexer Bank1-2
Added Pin To Net: NetName=0V Pin=C18_U_Multiplexer Bank2-1
Added Pin To Net: NetName=C4 Pin=C18_U_Multiplexer Bank2-2
Added Pin To Net: NetName=0V Pin=C18_U_Multiplexer Bank3-1
Added Pin To Net: NetName=B4 Pin=C18_U_Multiplexer Bank3-2
Added Pin To Net: NetName=0V Pin=C18_U_Multiplexer Bank4-1
Added Pin To Net: NetName=A4 Pin=C18_U_Multiplexer Bank4-2
Added Pin To Net: NetName=0V Pin=C18_U_Multiplexer Bank5-1
Added Pin To Net: NetName=E4 Pin=C18_U_Multiplexer Bank5-2
Added Pin To Net: NetName=0V Pin=C35_U_Multiplexer Bank1-1
Added Pin To Net: NetName=D5 Pin=C35_U_Multiplexer Bank1-2
Added Pin To Net: NetName=0V Pin=C35_U_Multiplexer Bank2-1
Added Pin To Net: NetName=C5 Pin=C35_U_Multiplexer Bank2-2
Added Pin To Net: NetName=0V Pin=C35_U_Multiplexer Bank3-1
Added Pin To Net: NetName=B5 Pin=C35_U_Multiplexer Bank3-2
Added Pin To Net: NetName=0V Pin=C35_U_Multiplexer Bank4-1
Added Pin To Net: NetName=A5 Pin=C35_U_Multiplexer Bank4-2
Added Pin To Net: NetName=0V Pin=C35_U_Multiplexer Bank5-1
Added Pin To Net: NetName=E5 Pin=C35_U_Multiplexer Bank5-2
Added Pin To Net: NetName=0V Pin=C36_U_Multiplexer Bank1-1
Added Pin To Net: NetName=D6 Pin=C36_U_Multiplexer Bank1-2
Added Pin To Net: NetName=0V Pin=C36_U_Multiplexer Bank2-1
Added Pin To Net: NetName=C6 Pin=C36_U_Multiplexer Bank2-2
Added Pin To Net: NetName=0V Pin=C36_U_Multiplexer Bank3-1
Added Pin To Net: NetName=B6 Pin=C36_U_Multiplexer Bank3-2
Added Pin To Net: NetName=0V Pin=C36_U_Multiplexer Bank4-1
Added Pin To Net: NetName=A6 Pin=C36_U_Multiplexer Bank4-2
Added Pin To Net: NetName=0V Pin=C36_U_Multiplexer Bank5-1
Added Pin To Net: NetName=E6 Pin=C36_U_Multiplexer Bank5-2
Added Pin To Net: NetName=0V Pin=C37_U_Multiplexer Bank1-1
Added Pin To Net: NetName=D7 Pin=C37_U_Multiplexer Bank1-2
Added Pin To Net: NetName=0V Pin=C37_U_Multiplexer Bank2-1
Added Pin To Net: NetName=C7 Pin=C37_U_Multiplexer Bank2-2
Added Pin To Net: NetName=0V Pin=C37_U_Multiplexer Bank3-1
Added Pin To Net: NetName=B7 Pin=C37_U_Multiplexer Bank3-2
Added Pin To Net: NetName=0V Pin=C37_U_Multiplexer Bank4-1
Added Pin To Net: NetName=A7 Pin=C37_U_Multiplexer Bank4-2
Added Pin To Net: NetName=0V Pin=C37_U_Multiplexer Bank5-1
Added Pin To Net: NetName=E7 Pin=C37_U_Multiplexer Bank5-2
Added Pin To Net: NetName=0V Pin=C38_U_Multiplexer Bank1-1
Added Pin To Net: NetName=D8 Pin=C38_U_Multiplexer Bank1-2
Added Pin To Net: NetName=0V Pin=C38_U_Multiplexer Bank2-1
Added Pin To Net: NetName=C8 Pin=C38_U_Multiplexer Bank2-2
Added Pin To Net: NetName=0V Pin=C38_U_Multiplexer Bank3-1
Added Pin To Net: NetName=B8 Pin=C38_U_Multiplexer Bank3-2
Added Pin To Net: NetName=0V Pin=C38_U_Multiplexer Bank4-1
Added Pin To Net: NetName=A8 Pin=C38_U_Multiplexer Bank4-2
Added Pin To Net: NetName=0V Pin=C38_U_Multiplexer Bank5-1
Added Pin To Net: NetName=E8 Pin=C38_U_Multiplexer Bank5-2
Added Pin To Net: NetName=NetMUX TP1_U_Multiplexer Bank4_1 Pin=U4_U_4 Channel ADC1-4
Added Pin To Net: NetName=NetMUX TP1_U_Multiplexer Bank3_1 Pin=U4_U_4 Channel ADC1-5
Added Pin To Net: NetName=NetMUX TP1_U_Multiplexer Bank2_1 Pin=U4_U_4 Channel ADC1-6
Added Pin To Net: NetName=NetMUX TP1_U_Multiplexer Bank1_1 Pin=U4_U_4 Channel ADC2-4
Added Pin To Net: NetName=NetMUX TP1_U_Multiplexer Bank5_1 Pin=U4_U_4 Channel ADC2-5
Added Pin To Net: NetName=NetU4_U_4 Channel ADC1_7 Pin=U4_U_4 Channel ADC1-7
Added Net: Name=NetU4_U_4 Channel ADC1_7
Added Pin To Net: NetName=NetU4_U_4 Channel ADC2_6 Pin=U4_U_4 Channel ADC2-6
Added Net: Name=NetU4_U_4 Channel ADC2_6
Added Pin To Net: NetName=NetU4_U_4 Channel ADC2_7 Pin=U4_U_4 Channel ADC2-7
Added Net: Name=NetU4_U_4 Channel ADC2_7
Added Member To Class: ClassName=U_Multiplexer Bank1 Member=Component C15_U_Multiplexer Bank1 (C15) 100nF
Added Member To Class: ClassName=U_Multiplexer Bank2 Member=Component C15_U_Multiplexer Bank2 (C15) 100nF
Added Member To Class: ClassName=U_Multiplexer Bank3 Member=Component C15_U_Multiplexer Bank3 (C15) 100nF
Added Member To Class: ClassName=U_Multiplexer Bank4 Member=Component C15_U_Multiplexer Bank4 (C15) 100nF
Added Member To Class: ClassName=U_Multiplexer Bank5 Member=Component C15_U_Multiplexer Bank5 (C15) 100nF
Added Member To Class: ClassName=U_Multiplexer Bank1 Member=Component C16_U_Multiplexer Bank1 (C16) 100nF
Added Member To Class: ClassName=U_Multiplexer Bank2 Member=Component C16_U_Multiplexer Bank2 (C16) 100nF
Added Member To Class: ClassName=U_Multiplexer Bank3 Member=Component C16_U_Multiplexer Bank3 (C16) 100nF
Added Member To Class: ClassName=U_Multiplexer Bank4 Member=Component C16_U_Multiplexer Bank4 (C16) 100nF
Added Member To Class: ClassName=U_Multiplexer Bank5 Member=Component C16_U_Multiplexer Bank5 (C16) 100nF
Added Member To Class: ClassName=U_Multiplexer Bank1 Member=Component C17_U_Multiplexer Bank1 (C17) 100nF
Added Member To Class: ClassName=U_Multiplexer Bank2 Member=Component C17_U_Multiplexer Bank2 (C17) 100nF
Added Member To Class: ClassName=U_Multiplexer Bank3 Member=Component C17_U_Multiplexer Bank3 (C17) 100nF
Added Member To Class: ClassName=U_Multiplexer Bank4 Member=Component C17_U_Multiplexer Bank4 (C17) 100nF
Added Member To Class: ClassName=U_Multiplexer Bank5 Member=Component C17_U_Multiplexer Bank5 (C17) 100nF
Added Member To Class: ClassName=U_Multiplexer Bank1 Member=Component C18_U_Multiplexer Bank1 (C18) 100nF
Added Member To Class: ClassName=U_Multiplexer Bank2 Member=Component C18_U_Multiplexer Bank2 (C18) 100nF
Added Member To Class: ClassName=U_Multiplexer Bank3 Member=Component C18_U_Multiplexer Bank3 (C18) 100nF
Added Member To Class: ClassName=U_Multiplexer Bank4 Member=Component C18_U_Multiplexer Bank4 (C18) 100nF
Added Member To Class: ClassName=U_Multiplexer Bank5 Member=Component C18_U_Multiplexer Bank5 (C18) 100nF
Added Member To Class: ClassName=U_Multiplexer Bank1 Member=Component C35_U_Multiplexer Bank1 (C35) 100nF
Added Member To Class: ClassName=U_Multiplexer Bank2 Member=Component C35_U_Multiplexer Bank2 (C35) 100nF
Added Member To Class: ClassName=U_Multiplexer Bank3 Member=Component C35_U_Multiplexer Bank3 (C35) 100nF
Added Member To Class: ClassName=U_Multiplexer Bank4 Member=Component C35_U_Multiplexer Bank4 (C35) 100nF
Added Member To Class: ClassName=U_Multiplexer Bank5 Member=Component C35_U_Multiplexer Bank5 (C35) 100nF
Added Member To Class: ClassName=U_Multiplexer Bank1 Member=Component C36_U_Multiplexer Bank1 (C36) 100nF
Added Member To Class: ClassName=U_Multiplexer Bank2 Member=Component C36_U_Multiplexer Bank2 (C36) 100nF
Added Member To Class: ClassName=U_Multiplexer Bank3 Member=Component C36_U_Multiplexer Bank3 (C36) 100nF
Added Member To Class: ClassName=U_Multiplexer Bank4 Member=Component C36_U_Multiplexer Bank4 (C36) 100nF
Added Member To Class: ClassName=U_Multiplexer Bank5 Member=Component C36_U_Multiplexer Bank5 (C36) 100nF
Added Member To Class: ClassName=U_Multiplexer Bank1 Member=Component C37_U_Multiplexer Bank1 (C37) 100nF
Added Member To Class: ClassName=U_Multiplexer Bank2 Member=Component C37_U_Multiplexer Bank2 (C37) 100nF
Added Member To Class: ClassName=U_Multiplexer Bank3 Member=Component C37_U_Multiplexer Bank3 (C37) 100nF
Added Member To Class: ClassName=U_Multiplexer Bank4 Member=Component C37_U_Multiplexer Bank4 (C37) 100nF
Added Member To Class: ClassName=U_Multiplexer Bank5 Member=Component C37_U_Multiplexer Bank5 (C37) 100nF
Added Member To Class: ClassName=U_Multiplexer Bank1 Member=Component C38_U_Multiplexer Bank1 (C38) 100nF
Added Member To Class: ClassName=U_Multiplexer Bank2 Member=Component C38_U_Multiplexer Bank2 (C38) 100nF
Added Member To Class: ClassName=U_Multiplexer Bank3 Member=Component C38_U_Multiplexer Bank3 (C38) 100nF
Added Member To Class: ClassName=U_Multiplexer Bank4 Member=Component C38_U_Multiplexer Bank4 (C38) 100nF
Added Member To Class: ClassName=U_Multiplexer Bank5 Member=Component C38_U_Multiplexer Bank5 (C38) 100nF
