Added Pin To Net: NetName=0V Pin=0V TP-1
Added Pin To Net: NetName=5V Pin=5V TP-1
Added Pin To Net: NetName=0V Pin=C14_U_4 Channel ADC1-1
Added Pin To Net: NetName=5V Pin=C14_U_4 Channel ADC1-2
Added Pin To Net: NetName=0V Pin=C14_U_4 Channel ADC2-1
Added Pin To Net: NetName=5V Pin=C14_U_4 Channel ADC2-2
Added Pin To Net: NetName=0V Pin=C15_U_4 Channel ADC1-1
Added Pin To Net: NetName=0V Pin=C15_U_4 Channel ADC2-1
Added Pin To Net: NetName=0V Pin=C16_U_4 Channel ADC1-1
Added Pin To Net: NetName=0V Pin=C16_U_4 Channel ADC2-1
Added Pin To Net: NetName=0V Pin=C17_U_4 Channel ADC1-1
Added Pin To Net: NetName=0V Pin=C17_U_4 Channel ADC2-1
Added Pin To Net: NetName=0V Pin=C18_U_4 Channel ADC1-1
Added Pin To Net: NetName=0V Pin=C18_U_4 Channel ADC2-1
Added Pin To Net: NetName=0V Pin=C19_U_Multiplexer Bank1-1
Added Pin To Net: NetName=5V Pin=C19_U_Multiplexer Bank1-2
Added Pin To Net: NetName=0V Pin=C19_U_Multiplexer Bank2-1
Added Pin To Net: NetName=5V Pin=C19_U_Multiplexer Bank2-2
Added Pin To Net: NetName=0V Pin=C19_U_Multiplexer Bank3-1
Added Pin To Net: NetName=5V Pin=C19_U_Multiplexer Bank3-2
Added Pin To Net: NetName=0V Pin=C19_U_Multiplexer Bank4-1
Added Pin To Net: NetName=5V Pin=C19_U_Multiplexer Bank4-2
Added Pin To Net: NetName=0V Pin=C19_U_Multiplexer Bank5-1
Added Pin To Net: NetName=5V Pin=C19_U_Multiplexer Bank5-2
Added Pin To Net: NetName=0V Pin=C21-1
Added Pin To Net: NetName=5V Pin=C21-2
Added Pin To Net: NetName=0V Pin=C33-1
Added Pin To Net: NetName=5V Pin=C33-2
Added Pin To Net: NetName=5V Pin=D1-A
Added Pin To Net: NetName=5V Pin=D5-A
Added Pin To Net: NetName=5V Pin=D6-A
Added Pin To Net: NetName=5V Pin=D7-A
Added Pin To Net: NetName=5V Pin=R6_U_Multiplexer Bank1-2
Added Pin To Net: NetName=5V Pin=R6_U_Multiplexer Bank2-2
Added Pin To Net: NetName=5V Pin=R6_U_Multiplexer Bank3-2
Added Pin To Net: NetName=5V Pin=R6_U_Multiplexer Bank4-2
Added Pin To Net: NetName=5V Pin=R6_U_Multiplexer Bank5-2
Added Pin To Net: NetName=5V Pin=R7_U_Multiplexer Bank1-2
Added Pin To Net: NetName=5V Pin=R7_U_Multiplexer Bank2-2
Added Pin To Net: NetName=5V Pin=R7_U_Multiplexer Bank3-2
Added Pin To Net: NetName=5V Pin=R7_U_Multiplexer Bank4-2
Added Pin To Net: NetName=5V Pin=R7_U_Multiplexer Bank5-2
Added Pin To Net: NetName=5V Pin=R8_U_Multiplexer Bank1-2
Added Pin To Net: NetName=5V Pin=R8_U_Multiplexer Bank2-2
Added Pin To Net: NetName=5V Pin=R8_U_Multiplexer Bank3-2
Added Pin To Net: NetName=5V Pin=R8_U_Multiplexer Bank4-2
Added Pin To Net: NetName=5V Pin=R8_U_Multiplexer Bank5-2
Added Pin To Net: NetName=5V Pin=R9_U_Multiplexer Bank1-2
Added Pin To Net: NetName=5V Pin=R9_U_Multiplexer Bank2-2
Added Pin To Net: NetName=5V Pin=R9_U_Multiplexer Bank3-2
Added Pin To Net: NetName=5V Pin=R9_U_Multiplexer Bank4-2
Added Pin To Net: NetName=5V Pin=R9_U_Multiplexer Bank5-2
Added Pin To Net: NetName=5V Pin=R10_U_Multiplexer Bank1-2
Added Pin To Net: NetName=5V Pin=R10_U_Multiplexer Bank2-2
Added Pin To Net: NetName=5V Pin=R10_U_Multiplexer Bank3-2
Added Pin To Net: NetName=5V Pin=R10_U_Multiplexer Bank4-2
Added Pin To Net: NetName=5V Pin=R10_U_Multiplexer Bank5-2
Added Pin To Net: NetName=5V Pin=R11_U_Multiplexer Bank1-2
Added Pin To Net: NetName=5V Pin=R11_U_Multiplexer Bank2-2
Added Pin To Net: NetName=5V Pin=R11_U_Multiplexer Bank3-2
Added Pin To Net: NetName=5V Pin=R11_U_Multiplexer Bank4-2
Added Pin To Net: NetName=5V Pin=R11_U_Multiplexer Bank5-2
Added Pin To Net: NetName=5V Pin=R12_U_Multiplexer Bank1-2
Added Pin To Net: NetName=5V Pin=R12_U_Multiplexer Bank2-2
Added Pin To Net: NetName=5V Pin=R12_U_Multiplexer Bank3-2
Added Pin To Net: NetName=5V Pin=R12_U_Multiplexer Bank4-2
Added Pin To Net: NetName=5V Pin=R12_U_Multiplexer Bank5-2
Added Pin To Net: NetName=5V Pin=R13_U_Multiplexer Bank1-2
Added Pin To Net: NetName=5V Pin=R13_U_Multiplexer Bank2-2
Added Pin To Net: NetName=5V Pin=R13_U_Multiplexer Bank3-2
Added Pin To Net: NetName=5V Pin=R13_U_Multiplexer Bank4-2
Added Pin To Net: NetName=5V Pin=R13_U_Multiplexer Bank5-2
Added Pin To Net: NetName=5V Pin=R14-2
Added Pin To Net: NetName=5V Pin=R15-2
Added Pin To Net: NetName=0V Pin=R19-1
Added Pin To Net: NetName=0V Pin=R20-1
Added Pin To Net: NetName=0V Pin=R22-1
Added Pin To Net: NetName=0V Pin=R25-1
Added Pin To Net: NetName=0V Pin=U4_U_4 Channel ADC1-3
Added Pin To Net: NetName=5V Pin=U4_U_4 Channel ADC1-8
Added Pin To Net: NetName=0V Pin=U4_U_4 Channel ADC2-3
Added Pin To Net: NetName=5V Pin=U4_U_4 Channel ADC2-8
Added Pin To Net: NetName=5V Pin=U5_U_Multiplexer Bank1-2
Added Pin To Net: NetName=0V Pin=U5_U_Multiplexer Bank1-3
Added Pin To Net: NetName=5V Pin=U5_U_Multiplexer Bank1-13
Added Pin To Net: NetName=0V Pin=U5_U_Multiplexer Bank1-14
Added Pin To Net: NetName=5V Pin=U5_U_Multiplexer Bank2-2
Added Pin To Net: NetName=0V Pin=U5_U_Multiplexer Bank2-3
Added Pin To Net: NetName=5V Pin=U5_U_Multiplexer Bank2-13
Added Pin To Net: NetName=0V Pin=U5_U_Multiplexer Bank2-14
Added Pin To Net: NetName=5V Pin=U5_U_Multiplexer Bank3-2
Added Pin To Net: NetName=0V Pin=U5_U_Multiplexer Bank3-3
Added Pin To Net: NetName=5V Pin=U5_U_Multiplexer Bank3-13
Added Pin To Net: NetName=0V Pin=U5_U_Multiplexer Bank3-14
Added Pin To Net: NetName=5V Pin=U5_U_Multiplexer Bank4-2
Added Pin To Net: NetName=0V Pin=U5_U_Multiplexer Bank4-3
Added Pin To Net: NetName=5V Pin=U5_U_Multiplexer Bank4-13
Added Pin To Net: NetName=0V Pin=U5_U_Multiplexer Bank4-14
Added Pin To Net: NetName=5V Pin=U5_U_Multiplexer Bank5-2
Added Pin To Net: NetName=0V Pin=U5_U_Multiplexer Bank5-3
Added Pin To Net: NetName=5V Pin=U5_U_Multiplexer Bank5-13
Added Pin To Net: NetName=0V Pin=U5_U_Multiplexer Bank5-14
Added Pin To Net: NetName=0V Pin=U6-5
Added Pin To Net: NetName=5V Pin=U6-8
Added Pin To Net: NetName=0V Pin=U7-2
Added Pin To Net: NetName=0V Pin=U8-2
Added Pin To Net: NetName=0V Pin=U9-2
Added Pin To Net: NetName=5V Pin=U11-14
Added Pin To Net: NetName=0V Pin=U11-16
Added Pin To Net: NetName=0V Pin=U13-1
Added Pin To Net: NetName=5V Pin=U13-2
