Replace Part AIR+ FB ISO1 Test Point in C:\Users\patri\Google Drive\ts_19\Car\5. P&E\Future Schematics\ts_20-Precharge-Controller\191212 Precharge Controller R0\Precharge.SchDoc with Test Point from ts_20-standard-connectors.DbLib
Replace Part AIR+ FET1 MOSFET-N in C:\Users\patri\Google Drive\ts_19\Car\5. P&E\Future Schematics\ts_20-Precharge-Controller\191212 Precharge Controller R0\Precharge.SchDoc with MOSFET-N from ts_20-standard-library.DbLib
Replace Part AIR+ G TP1 Test Point in C:\Users\patri\Google Drive\ts_19\Car\5. P&E\Future Schematics\ts_20-Precharge-Controller\191212 Precharge Controller R0\Precharge.SchDoc with Test Point from ts_20-standard-connectors.DbLib
Replace Part AIR- FB ISO TP1 Test Point in C:\Users\patri\Google Drive\ts_19\Car\5. P&E\Future Schematics\ts_20-Precharge-Controller\191212 Precharge Controller R0\Precharge.SchDoc with Test Point from ts_20-standard-connectors.DbLib
Replace Part AIR- FET1 MOSFET-N in C:\Users\patri\Google Drive\ts_19\Car\5. P&E\Future Schematics\ts_20-Precharge-Controller\191212 Precharge Controller R0\Precharge.SchDoc with MOSFET-N from ts_20-standard-library.DbLib
Replace Part AIR- G TP1 Test Point in C:\Users\patri\Google Drive\ts_19\Car\5. P&E\Future Schematics\ts_20-Precharge-Controller\191212 Precharge Controller R0\Precharge.SchDoc with Test Point from ts_20-standard-connectors.DbLib
Replace Part AIR POW TP1 Test Point in C:\Users\patri\Google Drive\ts_19\Car\5. P&E\Future Schematics\ts_20-Precharge-Controller\191212 Precharge Controller R0\Precharge.SchDoc with Test Point from ts_20-standard-connectors.DbLib
Replace Part BATT+ SENSE1 Test Point in C:\Users\patri\Google Drive\ts_19\Car\5. P&E\Future Schematics\ts_20-Precharge-Controller\191212 Precharge Controller R0\Precharge.SchDoc with Test Point from ts_20-standard-connectors.DbLib
Replace Part C16 Capacitor in C:\Users\patri\Google Drive\ts_19\Car\5. P&E\Future Schematics\ts_20-Precharge-Controller\191212 Precharge Controller R0\Precharge.SchDoc with Capacitor from ts_20-standard-library.DbLib
Replace Part C17 Capacitor in C:\Users\patri\Google Drive\ts_19\Car\5. P&E\Future Schematics\ts_20-Precharge-Controller\191212 Precharge Controller R0\Precharge.SchDoc with Capacitor from ts_20-standard-library.DbLib
Replace Part C18 Capacitor in C:\Users\patri\Google Drive\ts_19\Car\5. P&E\Future Schematics\ts_20-Precharge-Controller\191212 Precharge Controller R0\Precharge.SchDoc with Capacitor from ts_20-standard-library.DbLib
Replace Part C19 Capacitor in C:\Users\patri\Google Drive\ts_19\Car\5. P&E\Future Schematics\ts_20-Precharge-Controller\191212 Precharge Controller R0\Precharge.SchDoc with Capacitor from ts_20-standard-library.DbLib
Replace Part C20 Capacitor in C:\Users\patri\Google Drive\ts_19\Car\5. P&E\Future Schematics\ts_20-Precharge-Controller\191212 Precharge Controller R0\Precharge.SchDoc with Capacitor from ts_20-standard-library.DbLib
Replace Part C21 Capacitor in C:\Users\patri\Google Drive\ts_19\Car\5. P&E\Future Schematics\ts_20-Precharge-Controller\191212 Precharge Controller R0\Precharge.SchDoc with Capacitor from ts_20-standard-library.DbLib
Replace Part C22 Capacitor in C:\Users\patri\Google Drive\ts_19\Car\5. P&E\Future Schematics\ts_20-Precharge-Controller\191212 Precharge Controller R0\Precharge.SchDoc with Capacitor from ts_20-standard-library.DbLib
Replace Part C23 Capacitor in C:\Users\patri\Google Drive\ts_19\Car\5. P&E\Future Schematics\ts_20-Precharge-Controller\191212 Precharge Controller R0\Precharge.SchDoc with Capacitor from ts_20-standard-library.DbLib
Replace Part C24 Capacitor in C:\Users\patri\Google Drive\ts_19\Car\5. P&E\Future Schematics\ts_20-Precharge-Controller\191212 Precharge Controller R0\Precharge.SchDoc with Capacitor from ts_20-standard-library.DbLib
Replace Part C25 Capacitor (Polarised) in C:\Users\patri\Google Drive\ts_19\Car\5. P&E\Future Schematics\ts_20-Precharge-Controller\191212 Precharge Controller R0\Precharge.SchDoc with Capacitor (Polarised) from ts_20-standard-library.DbLib
Replace Part C26 Capacitor (Polarised) in C:\Users\patri\Google Drive\ts_19\Car\5. P&E\Future Schematics\ts_20-Precharge-Controller\191212 Precharge Controller R0\Precharge.SchDoc with Capacitor (Polarised) from ts_20-standard-library.DbLib
Replace Part D2 Diode in C:\Users\patri\Google Drive\ts_19\Car\5. P&E\Future Schematics\ts_20-Precharge-Controller\191212 Precharge Controller R0\Precharge.SchDoc with Diode from ts_20-standard-library.DbLib
Replace Part D3 LED in C:\Users\patri\Google Drive\ts_19\Car\5. P&E\Future Schematics\ts_20-Precharge-Controller\191212 Precharge Controller R0\Precharge.SchDoc with LED from ts_20-standard-library.DbLib
Replace Part D4 Diode in C:\Users\patri\Google Drive\ts_19\Car\5. P&E\Future Schematics\ts_20-Precharge-Controller\191212 Precharge Controller R0\Precharge.SchDoc with Diode from ts_20-standard-library.DbLib
Replace Part D5 LED in C:\Users\patri\Google Drive\ts_19\Car\5. P&E\Future Schematics\ts_20-Precharge-Controller\191212 Precharge Controller R0\Precharge.SchDoc with LED from ts_20-standard-library.DbLib
Replace Part D6 Diode in C:\Users\patri\Google Drive\ts_19\Car\5. P&E\Future Schematics\ts_20-Precharge-Controller\191212 Precharge Controller R0\Precharge.SchDoc with Diode from ts_20-standard-library.DbLib
Replace Part D7 LED in C:\Users\patri\Google Drive\ts_19\Car\5. P&E\Future Schematics\ts_20-Precharge-Controller\191212 Precharge Controller R0\Precharge.SchDoc with LED from ts_20-standard-library.DbLib
Replace Part MC+ SENSE1 Test Point in C:\Users\patri\Google Drive\ts_19\Car\5. P&E\Future Schematics\ts_20-Precharge-Controller\191212 Precharge Controller R0\Precharge.SchDoc with Test Point from ts_20-standard-connectors.DbLib
Replace Part PCH G TP1 Test Point in C:\Users\patri\Google Drive\ts_19\Car\5. P&E\Future Schematics\ts_20-Precharge-Controller\191212 Precharge Controller R0\Precharge.SchDoc with Test Point from ts_20-standard-connectors.DbLib
Replace Part Precharge FET1 MOSFET-N in C:\Users\patri\Google Drive\ts_19\Car\5. P&E\Future Schematics\ts_20-Precharge-Controller\191212 Precharge Controller R0\Precharge.SchDoc with MOSFET-N from ts_20-standard-library.DbLib
Replace Part R4 Resistor in C:\Users\patri\Google Drive\ts_19\Car\5. P&E\Future Schematics\ts_20-Precharge-Controller\191212 Precharge Controller R0\Precharge.SchDoc with Resistor from ts_20-standard-library.DbLib
Replace Part R5 Resistor in C:\Users\patri\Google Drive\ts_19\Car\5. P&E\Future Schematics\ts_20-Precharge-Controller\191212 Precharge Controller R0\Precharge.SchDoc with Resistor from ts_20-standard-library.DbLib
Replace Part R6 Resistor in C:\Users\patri\Google Drive\ts_19\Car\5. P&E\Future Schematics\ts_20-Precharge-Controller\191212 Precharge Controller R0\Precharge.SchDoc with Resistor from ts_20-standard-library.DbLib
Replace Part R7 Resistor in C:\Users\patri\Google Drive\ts_19\Car\5. P&E\Future Schematics\ts_20-Precharge-Controller\191212 Precharge Controller R0\Precharge.SchDoc with Resistor from ts_20-standard-library.DbLib
Replace Part R8 Resistor in C:\Users\patri\Google Drive\ts_19\Car\5. P&E\Future Schematics\ts_20-Precharge-Controller\191212 Precharge Controller R0\Precharge.SchDoc with Resistor from ts_20-standard-library.DbLib
Replace Part R9 Resistor in C:\Users\patri\Google Drive\ts_19\Car\5. P&E\Future Schematics\ts_20-Precharge-Controller\191212 Precharge Controller R0\Precharge.SchDoc with Resistor from ts_20-standard-library.DbLib
Replace Part R10 Resistor in C:\Users\patri\Google Drive\ts_19\Car\5. P&E\Future Schematics\ts_20-Precharge-Controller\191212 Precharge Controller R0\Precharge.SchDoc with Resistor from ts_20-standard-library.DbLib
Replace Part R11 Resistor in C:\Users\patri\Google Drive\ts_19\Car\5. P&E\Future Schematics\ts_20-Precharge-Controller\191212 Precharge Controller R0\Precharge.SchDoc with Resistor from ts_20-standard-library.DbLib
Replace Part R12 Resistor in C:\Users\patri\Google Drive\ts_19\Car\5. P&E\Future Schematics\ts_20-Precharge-Controller\191212 Precharge Controller R0\Precharge.SchDoc with Resistor from ts_20-standard-library.DbLib
Replace Part R13 Resistor in C:\Users\patri\Google Drive\ts_19\Car\5. P&E\Future Schematics\ts_20-Precharge-Controller\191212 Precharge Controller R0\Precharge.SchDoc with Resistor from ts_20-standard-library.DbLib
Replace Part R14 Resistor in C:\Users\patri\Google Drive\ts_19\Car\5. P&E\Future Schematics\ts_20-Precharge-Controller\191212 Precharge Controller R0\Precharge.SchDoc with Resistor from ts_20-standard-library.DbLib
Replace Part R15 Resistor in C:\Users\patri\Google Drive\ts_19\Car\5. P&E\Future Schematics\ts_20-Precharge-Controller\191212 Precharge Controller R0\Precharge.SchDoc with Resistor from ts_20-standard-library.DbLib
Replace Part R16 Resistor in C:\Users\patri\Google Drive\ts_19\Car\5. P&E\Future Schematics\ts_20-Precharge-Controller\191212 Precharge Controller R0\Precharge.SchDoc with Resistor from ts_20-standard-library.DbLib
Replace Part R17 Resistor in C:\Users\patri\Google Drive\ts_19\Car\5. P&E\Future Schematics\ts_20-Precharge-Controller\191212 Precharge Controller R0\Precharge.SchDoc with Resistor from ts_20-standard-library.DbLib
Replace Part R18 Resistor in C:\Users\patri\Google Drive\ts_19\Car\5. P&E\Future Schematics\ts_20-Precharge-Controller\191212 Precharge Controller R0\Precharge.SchDoc with Resistor from ts_20-standard-library.DbLib
Replace Part R19 Resistor in C:\Users\patri\Google Drive\ts_19\Car\5. P&E\Future Schematics\ts_20-Precharge-Controller\191212 Precharge Controller R0\Precharge.SchDoc with Resistor from ts_20-standard-library.DbLib
Replace Part R20 Resistor in C:\Users\patri\Google Drive\ts_19\Car\5. P&E\Future Schematics\ts_20-Precharge-Controller\191212 Precharge Controller R0\Precharge.SchDoc with Resistor from ts_20-standard-library.DbLib
Replace Part R21 Resistor in C:\Users\patri\Google Drive\ts_19\Car\5. P&E\Future Schematics\ts_20-Precharge-Controller\191212 Precharge Controller R0\Precharge.SchDoc with Resistor from ts_20-standard-library.DbLib
Replace Part R22 Resistor in C:\Users\patri\Google Drive\ts_19\Car\5. P&E\Future Schematics\ts_20-Precharge-Controller\191212 Precharge Controller R0\Precharge.SchDoc with Resistor from ts_20-standard-library.DbLib
Replace Part R23 Resistor in C:\Users\patri\Google Drive\ts_19\Car\5. P&E\Future Schematics\ts_20-Precharge-Controller\191212 Precharge Controller R0\Precharge.SchDoc with Resistor from ts_20-standard-library.DbLib
Replace Part R24 Resistor in C:\Users\patri\Google Drive\ts_19\Car\5. P&E\Future Schematics\ts_20-Precharge-Controller\191212 Precharge Controller R0\Precharge.SchDoc with Resistor from ts_20-standard-library.DbLib
Replace Part R25 Resistor in C:\Users\patri\Google Drive\ts_19\Car\5. P&E\Future Schematics\ts_20-Precharge-Controller\191212 Precharge Controller R0\Precharge.SchDoc with Resistor from ts_20-standard-library.DbLib
Replace Part R26 Resistor in C:\Users\patri\Google Drive\ts_19\Car\5. P&E\Future Schematics\ts_20-Precharge-Controller\191212 Precharge Controller R0\Precharge.SchDoc with Resistor from ts_20-standard-library.DbLib
Replace Part R27 Resistor in C:\Users\patri\Google Drive\ts_19\Car\5. P&E\Future Schematics\ts_20-Precharge-Controller\191212 Precharge Controller R0\Precharge.SchDoc with Resistor from ts_20-standard-library.DbLib
Replace Part R28 Resistor in C:\Users\patri\Google Drive\ts_19\Car\5. P&E\Future Schematics\ts_20-Precharge-Controller\191212 Precharge Controller R0\Precharge.SchDoc with Resistor from ts_20-standard-library.DbLib
Replace Part R29 Resistor in C:\Users\patri\Google Drive\ts_19\Car\5. P&E\Future Schematics\ts_20-Precharge-Controller\191212 Precharge Controller R0\Precharge.SchDoc with Resistor from ts_20-standard-library.DbLib
Replace Part R30 Resistor in C:\Users\patri\Google Drive\ts_19\Car\5. P&E\Future Schematics\ts_20-Precharge-Controller\191212 Precharge Controller R0\Precharge.SchDoc with Resistor from ts_20-standard-library.DbLib
Replace Part R31 Resistor in C:\Users\patri\Google Drive\ts_19\Car\5. P&E\Future Schematics\ts_20-Precharge-Controller\191212 Precharge Controller R0\Precharge.SchDoc with Resistor from ts_20-standard-library.DbLib
Replace Part R32 Resistor in C:\Users\patri\Google Drive\ts_19\Car\5. P&E\Future Schematics\ts_20-Precharge-Controller\191212 Precharge Controller R0\Precharge.SchDoc with Resistor from ts_20-standard-library.DbLib
Replace Part R33 Resistor (Potentiometer) in C:\Users\patri\Google Drive\ts_19\Car\5. P&E\Future Schematics\ts_20-Precharge-Controller\191212 Precharge Controller R0\Precharge.SchDoc with Resistor (Potentiometer) from ts_20-standard-library.DbLib
Replace Part R34 Resistor in C:\Users\patri\Google Drive\ts_19\Car\5. P&E\Future Schematics\ts_20-Precharge-Controller\191212 Precharge Controller R0\Precharge.SchDoc with Resistor from ts_20-standard-library.DbLib
Replace Part R35 Resistor in C:\Users\patri\Google Drive\ts_19\Car\5. P&E\Future Schematics\ts_20-Precharge-Controller\191212 Precharge Controller R0\Precharge.SchDoc with Resistor from ts_20-standard-library.DbLib
Replace Part R36 Resistor in C:\Users\patri\Google Drive\ts_19\Car\5. P&E\Future Schematics\ts_20-Precharge-Controller\191212 Precharge Controller R0\Precharge.SchDoc with Resistor from ts_20-standard-library.DbLib
Replace Part R37 Resistor in C:\Users\patri\Google Drive\ts_19\Car\5. P&E\Future Schematics\ts_20-Precharge-Controller\191212 Precharge Controller R0\Precharge.SchDoc with Resistor from ts_20-standard-library.DbLib
Replace Part R38 Resistor in C:\Users\patri\Google Drive\ts_19\Car\5. P&E\Future Schematics\ts_20-Precharge-Controller\191212 Precharge Controller R0\Precharge.SchDoc with Resistor from ts_20-standard-library.DbLib
Replace Part R39 Resistor (Potentiometer) in C:\Users\patri\Google Drive\ts_19\Car\5. P&E\Future Schematics\ts_20-Precharge-Controller\191212 Precharge Controller R0\Precharge.SchDoc with Resistor (Potentiometer) from ts_20-standard-library.DbLib
Replace Part R40 Resistor in C:\Users\patri\Google Drive\ts_19\Car\5. P&E\Future Schematics\ts_20-Precharge-Controller\191212 Precharge Controller R0\Precharge.SchDoc with Resistor from ts_20-standard-library.DbLib
Replace Part R41 Resistor in C:\Users\patri\Google Drive\ts_19\Car\5. P&E\Future Schematics\ts_20-Precharge-Controller\191212 Precharge Controller R0\Precharge.SchDoc with Resistor from ts_20-standard-library.DbLib
Replace Part U7 LTV-817S-TA1 in C:\Users\patri\Google Drive\ts_19\Car\5. P&E\Future Schematics\ts_20-Precharge-Controller\191212 Precharge Controller R0\Precharge.SchDoc with LTV-817S-TA1 from ts_20-standard-library.DbLib
Replace Part U8 ADUM4120 in C:\Users\patri\Google Drive\ts_19\Car\5. P&E\Future Schematics\ts_20-Precharge-Controller\191212 Precharge Controller R0\Precharge.SchDoc with ADUM4120 from ts_20-standard-library.DbLib
Replace Part U9 LTV-817S-TA1 in C:\Users\patri\Google Drive\ts_19\Car\5. P&E\Future Schematics\ts_20-Precharge-Controller\191212 Precharge Controller R0\Precharge.SchDoc with LTV-817S-TA1 from ts_20-standard-library.DbLib
Replace Part U10 DAT70510 in C:\Users\patri\Google Drive\ts_19\Car\5. P&E\Future Schematics\ts_20-Precharge-Controller\191212 Precharge Controller R0\Precharge.SchDoc with DAT70510 from ts_20-standard-library.DbLib
Replace Part U10 DAT70510 in C:\Users\patri\Google Drive\ts_19\Car\5. P&E\Future Schematics\ts_20-Precharge-Controller\191212 Precharge Controller R0\Precharge.SchDoc with DAT70510 from ts_20-standard-library.DbLib
Replace Part U11 ADUM4120 in C:\Users\patri\Google Drive\ts_19\Car\5. P&E\Future Schematics\ts_20-Precharge-Controller\191212 Precharge Controller R0\Precharge.SchDoc with ADUM4120 from ts_20-standard-library.DbLib
Replace Part U12 LTV-817S-TA1 in C:\Users\patri\Google Drive\ts_19\Car\5. P&E\Future Schematics\ts_20-Precharge-Controller\191212 Precharge Controller R0\Precharge.SchDoc with LTV-817S-TA1 from ts_20-standard-library.DbLib
Replace Part U13 ADUM4120 in C:\Users\patri\Google Drive\ts_19\Car\5. P&E\Future Schematics\ts_20-Precharge-Controller\191212 Precharge Controller R0\Precharge.SchDoc with ADUM4120 from ts_20-standard-library.DbLib
Replace Part U14 LM324D in C:\Users\patri\Google Drive\ts_19\Car\5. P&E\Future Schematics\ts_20-Precharge-Controller\191212 Precharge Controller R0\Precharge.SchDoc with LM324D from ts_20-standard-library.DbLib
Replace Part U14 LM324D in C:\Users\patri\Google Drive\ts_19\Car\5. P&E\Future Schematics\ts_20-Precharge-Controller\191212 Precharge Controller R0\Precharge.SchDoc with LM324D from ts_20-standard-library.DbLib
Replace Part U15 ACPL-C870 in C:\Users\patri\Google Drive\ts_19\Car\5. P&E\Future Schematics\ts_20-Precharge-Controller\191212 Precharge Controller R0\Precharge.SchDoc with ACPL-C870 from ts_20-standard-library.DbLib
Replace Part U16 ACPL-C870 in C:\Users\patri\Google Drive\ts_19\Car\5. P&E\Future Schematics\ts_20-Precharge-Controller\191212 Precharge Controller R0\Precharge.SchDoc with ACPL-C870 from ts_20-standard-library.DbLib
Replace Part U? ADUM6028 in C:\Users\patri\Google Drive\ts_19\Car\5. P&E\Future Schematics\ts_20-Precharge-Controller\191212 Precharge Controller R0\Precharge.SchDoc with ADUM6028 from ts_20-standard-library.DbLib
Replace Part U? ADUM6028 in C:\Users\patri\Google Drive\ts_19\Car\5. P&E\Future Schematics\ts_20-Precharge-Controller\191212 Precharge Controller R0\Precharge.SchDoc with ADUM6028 from ts_20-standard-library.DbLib
