Change Component Designator: Old Designator=C? New Designator=C27
Change Component Designator: Old Designator=C? New Designator=C28
Change Component Designator: Old Designator=COMP BYPASS C? New Designator=COMP BYPASS C1
Change Component Designator: Old Designator=OP AMP BYPASS C? New Designator=OP AMP BYPASS C1
Change Component Designator: Old Designator=PCB NTC? New Designator=PCB NTC1
Change Component Designator: Old Designator=PCB TEMP TP? New Designator=PCB TEMP TP1
Change Component Designator: Old Designator=PDOC NTC? New Designator=PDOC NTC1
Change Component Designator: Old Designator=PDOC TEMP AMP OUT TP? New Designator=PDOC TEMP AMP OUT TP1
Change Component Designator: Old Designator=PDOC TEMP REF TP? New Designator=PDOC TEMP REF TP1
Change Component Designator: Old Designator=PDOC TEMP TP? New Designator=PDOC TEMP TP1
Change Component Designator: Old Designator=PTC TEMP AMP OUT TP? New Designator=PTC TEMP AMP OUT TP1
Change Component Designator: Old Designator=R? New Designator=R59
Change Component Designator: Old Designator=R? New Designator=R60
Change Component Designator: Old Designator=R? New Designator=R61
Change Component Designator: Old Designator=R? New Designator=R62
Change Component Designator: Old Designator=R? New Designator=R63
Change Component Designator: Old Designator=R? New Designator=R64
Change Component Designator: Old Designator=R? New Designator=R65
Change Component Designator: Old Designator=R? New Designator=R66
Change Component Designator: Old Designator=R? New Designator=R67
Change Component Designator: Old Designator=U? New Designator=U14
Change Component Designator: Old Designator=U? New Designator=U20
Change Component Designator: Old Designator=U? New Designator=U14
