Change Component Designator: Old Designator=C29 New Designator=C52
Change Component Designator: Old Designator=C30 New Designator=C54
Change Component Designator: Old Designator=C31 New Designator=C55
Change Component Designator: Old Designator=C32 New Designator=C56
Change Component Designator: Old Designator=C33 New Designator=C57
Change Component Designator: Old Designator=C34 New Designator=C58
Change Component Designator: Old Designator=C35 New Designator=C59
Change Component Designator: Old Designator=C36 New Designator=C60
Change Component Designator: Old Designator=C37 New Designator=C61
Change Component Designator: Old Designator=C38 New Designator=C62
Change Component Designator: Old Designator=C39 New Designator=C63
Change Component Designator: Old Designator=C40 New Designator=C64
Change Component Designator: Old Designator=C41 New Designator=C65
Change Component Designator: Old Designator=C? New Designator=C53
Change Component Designator: Old Designator=P? New Designator=P1
Change Component Designator: Old Designator=PCB NTC? New Designator=PCB NTC1
Change Component Designator: Old Designator=R69 New Designator=R75
Change Component Designator: Old Designator=R70 New Designator=R76
Change Component Designator: Old Designator=R71 New Designator=R78
Change Component Designator: Old Designator=R72 New Designator=R79
Change Component Designator: Old Designator=R73 New Designator=R80
Change Component Designator: Old Designator=R74 New Designator=R84
Change Component Designator: Old Designator=R75 New Designator=R85
Change Component Designator: Old Designator=R76 New Designator=R86
Change Component Designator: Old Designator=R77 New Designator=R87
Change Component Designator: Old Designator=R78 New Designator=R88
Change Component Designator: Old Designator=R? New Designator=R77
Change Component Designator: Old Designator=R? New Designator=R81
Change Component Designator: Old Designator=R? New Designator=R82
Change Component Designator: Old Designator=R? New Designator=R83
Change Component Designator: Old Designator=U21 New Designator=U26
Change Component Designator: Old Designator=U22 New Designator=U27
