Change Component Designator: Old Designator=BOOT New Designator=BOOT1
Change Component Designator: Old Designator=C15 New Designator=C29
Change Component Designator: Old Designator=C16 New Designator=C30
Change Component Designator: Old Designator=C17 New Designator=C31
Change Component Designator: Old Designator=C18 New Designator=C32
Change Component Designator: Old Designator=C19 New Designator=C39
Change Component Designator: Old Designator=C20 New Designator=C35
Change Component Designator: Old Designator=C21 New Designator=C36
Change Component Designator: Old Designator=C22 New Designator=C37
Change Component Designator: Old Designator=C23 New Designator=C38
Change Component Designator: Old Designator=C24 New Designator=C33
Change Component Designator: Old Designator=C25 New Designator=C34
Change Component Designator: Old Designator=C26 New Designator=C40
Change Component Designator: Old Designator=C27 New Designator=C41
Change Component Designator: Old Designator=D2 New Designator=D16
Change Component Designator: Old Designator=D3 New Designator=D17
Change Component Designator: Old Designator=FTDI New Designator=FTDI1
Change Component Designator: Old Designator=R3 New Designator=R69
Change Component Designator: Old Designator=R4 New Designator=R72
Change Component Designator: Old Designator=R5 New Designator=R73
Change Component Designator: Old Designator=R6 New Designator=R68
Change Component Designator: Old Designator=R7 New Designator=R70
Change Component Designator: Old Designator=R8 New Designator=R71
Change Component Designator: Old Designator=R9 New Designator=R74
Change Component Designator: Old Designator=RESET New Designator=RESET1
Change Component Designator: Old Designator=STLINK New Designator=STLINK1
Change Component Designator: Old Designator=U5 New Designator=U19
Change Component Designator: Old Designator=U7 New Designator=U20
Change Component Designator: Old Designator=USB New Designator=USB1
