Replace Part AIR+ INDC1 LED in C:\Users\patri\Google Drive\ts_19\Car\5. P&E\Future Schematics\ts_20-Precharge-Controller\191212 Precharge Controller R0\STM32.SchDoc with LED from ts_20-standard-library.DbLib
Replace Part AIR- INDC1 LED in C:\Users\patri\Google Drive\ts_19\Car\5. P&E\Future Schematics\ts_20-Precharge-Controller\191212 Precharge Controller R0\STM32.SchDoc with LED from ts_20-standard-library.DbLib
Replace Part C29 Capacitor in C:\Users\patri\Google Drive\ts_19\Car\5. P&E\Future Schematics\ts_20-Precharge-Controller\191212 Precharge Controller R0\STM32.SchDoc with Capacitor from ts_20-standard-library.DbLib
Replace Part C37 Capacitor in C:\Users\patri\Google Drive\ts_19\Car\5. P&E\Future Schematics\ts_20-Precharge-Controller\191212 Precharge Controller R0\STM32.SchDoc with Capacitor from ts_20-standard-library.DbLib
Replace Part C38 Capacitor in C:\Users\patri\Google Drive\ts_19\Car\5. P&E\Future Schematics\ts_20-Precharge-Controller\191212 Precharge Controller R0\STM32.SchDoc with Capacitor from ts_20-standard-library.DbLib
Replace Part C39 Capacitor in C:\Users\patri\Google Drive\ts_19\Car\5. P&E\Future Schematics\ts_20-Precharge-Controller\191212 Precharge Controller R0\STM32.SchDoc with Capacitor from ts_20-standard-library.DbLib
Replace Part C40 Capacitor in C:\Users\patri\Google Drive\ts_19\Car\5. P&E\Future Schematics\ts_20-Precharge-Controller\191212 Precharge Controller R0\STM32.SchDoc with Capacitor from ts_20-standard-library.DbLib
Replace Part CAN RX INDC1 LED in C:\Users\patri\Google Drive\ts_19\Car\5. P&E\Future Schematics\ts_20-Precharge-Controller\191212 Precharge Controller R0\STM32.SchDoc with LED from ts_20-standard-library.DbLib
Replace Part CAN TX INDC1 LED in C:\Users\patri\Google Drive\ts_19\Car\5. P&E\Future Schematics\ts_20-Precharge-Controller\191212 Precharge Controller R0\STM32.SchDoc with LED from ts_20-standard-library.DbLib
Replace Part R70 Resistor in C:\Users\patri\Google Drive\ts_19\Car\5. P&E\Future Schematics\ts_20-Precharge-Controller\191212 Precharge Controller R0\STM32.SchDoc with Resistor from ts_20-standard-library.DbLib
Replace Part R71 Resistor in C:\Users\patri\Google Drive\ts_19\Car\5. P&E\Future Schematics\ts_20-Precharge-Controller\191212 Precharge Controller R0\STM32.SchDoc with Resistor from ts_20-standard-library.DbLib
Replace Part R72 Resistor in C:\Users\patri\Google Drive\ts_19\Car\5. P&E\Future Schematics\ts_20-Precharge-Controller\191212 Precharge Controller R0\STM32.SchDoc with Resistor from ts_20-standard-library.DbLib
Replace Part R73 Resistor in C:\Users\patri\Google Drive\ts_19\Car\5. P&E\Future Schematics\ts_20-Precharge-Controller\191212 Precharge Controller R0\STM32.SchDoc with Resistor from ts_20-standard-library.DbLib
Replace Part R74 Resistor in C:\Users\patri\Google Drive\ts_19\Car\5. P&E\Future Schematics\ts_20-Precharge-Controller\191212 Precharge Controller R0\STM32.SchDoc with Resistor from ts_20-standard-library.DbLib
Replace Part R75 Resistor in C:\Users\patri\Google Drive\ts_19\Car\5. P&E\Future Schematics\ts_20-Precharge-Controller\191212 Precharge Controller R0\STM32.SchDoc with Resistor from ts_20-standard-library.DbLib
Replace Part R76 Resistor in C:\Users\patri\Google Drive\ts_19\Car\5. P&E\Future Schematics\ts_20-Precharge-Controller\191212 Precharge Controller R0\STM32.SchDoc with Resistor from ts_20-standard-library.DbLib
Replace Part R77 Resistor in C:\Users\patri\Google Drive\ts_19\Car\5. P&E\Future Schematics\ts_20-Precharge-Controller\191212 Precharge Controller R0\STM32.SchDoc with Resistor from ts_20-standard-library.DbLib
Replace Part R78 Resistor in C:\Users\patri\Google Drive\ts_19\Car\5. P&E\Future Schematics\ts_20-Precharge-Controller\191212 Precharge Controller R0\STM32.SchDoc with Resistor from ts_20-standard-library.DbLib
Replace Part U21 STM32F103C8T6 in C:\Users\patri\Google Drive\ts_19\Car\5. P&E\Future Schematics\ts_20-Precharge-Controller\191212 Precharge Controller R0\STM32.SchDoc with STM32F103C8T6 from ts_20-standard-library.DbLib
Replace Part U22 RT9193-33GB in C:\Users\patri\Google Drive\ts_19\Car\5. P&E\Future Schematics\ts_20-Precharge-Controller\191212 Precharge Controller R0\STM32.SchDoc with RT9193-33GB from ts_20-standard-library.DbLib
Replace Part X1 Crystal in C:\Users\patri\Google Drive\ts_19\Car\5. P&E\Future Schematics\ts_20-Precharge-Controller\191212 Precharge Controller R0\STM32.SchDoc with Crystal from ts_20-standard-library.DbLib
Replace Part X2 Crystal in C:\Users\patri\Google Drive\ts_19\Car\5. P&E\Future Schematics\ts_20-Precharge-Controller\191212 Precharge Controller R0\STM32.SchDoc with Crystal from ts_20-standard-library.DbLib
