Removed Pin From Net: NetName=GLV+ Pin=F1-1
Removed Pin From Net: NetName=GLV+ Pin=GLV+-1
Removed Pin From Net: NetName=GLV+ Pin=Header 1x2-1
Removed Pin From Net: NetName=GLV+ Pin=P1-12
Change Component Designator: OldDesignator=GLV+ NewDesignator=GLV+ TP1
Change Component Designator: OldDesignator=GLV- NewDesignator=GLV- TP1
Added Component: Designator=D10(SMB Diode)
Add component (AddParameter): Name = "Digikey Link"; Value = "https://www.digikey.com/product-detail/en/smc-diode-solutions/SD560BTR/1655-1530-2-ND/6022620"; VariantName = "[No Variations]"
Add component (AddParameter): Name = "Digikey Part Number"; Value = "1655-1530-2-ND"; VariantName = "[No Variations]"
Add component (AddParameter): Name = "Manufacturer"; Value = "SMC Diode Solutions"; VariantName = "[No Variations]"
Add component (AddParameter): Name = "Part Number"; Value = "SD560BTR"; VariantName = "[No Variations]"
Added Component: Designator=P6(USB4085-GF-A)
Add component (AddParameter): Name = "Angle"; Value = "90"; VariantName = "[No Variations]"
Add component (AddParameter): Name = "Digikey Link"; Value = "https://www.digikey.ee/product-detail/en/gct/USB4085-GF-A/2073-USB4085-GF-ACT-ND/9859733"; VariantName = "[No Variations]"
Add component (AddParameter): Name = "Digikey Part Number"; Value = "2073-USB4085-GF-ACT-ND"; VariantName = "[No Variations]"
Add component (AddParameter): Name = "Part Number"; Value = "USB4085-GF-A"; VariantName = "[No Variations]"
Added Component: Designator=R35(0805)
Add component (AddParameter): Name = "Manufacturer"; Value = "YAGEO"; VariantName = "[No Variations]"
Add component (AddParameter): Name = "Material"; Value = "FR-07"; VariantName = "[No Variations]"
Add component (AddParameter): Name = "Part Number"; Value = "RC0805FR071K5L"; VariantName = "[No Variations]"
Add component (AddParameter): Name = "Rated Voltage"; Value = "0.125W"; VariantName = "[No Variations]"
Add component (AddParameter): Name = "Tolerance"; Value = "0.01"; VariantName = "[No Variations]"
Add component (AddParameter): Name = "Value"; Value = "1.5k"; VariantName = "[No Variations]"
Added Component: Designator=R36(0805)
Add component (AddParameter): Name = "Manufacturer"; Value = "YAGEO"; VariantName = "[No Variations]"
Add component (AddParameter): Name = "Material"; Value = "FR-07"; VariantName = "[No Variations]"
Add component (AddParameter): Name = "Part Number"; Value = "RC0805FR0720RL"; VariantName = "[No Variations]"
Add component (AddParameter): Name = "Rated Voltage"; Value = "0.125W"; VariantName = "[No Variations]"
Add component (AddParameter): Name = "Tolerance"; Value = "0.01"; VariantName = "[No Variations]"
Add component (AddParameter): Name = "Value"; Value = "20R"; VariantName = "[No Variations]"
Added Component: Designator=R37(0805)
Add component (AddParameter): Name = "Manufacturer"; Value = "YAGEO"; VariantName = "[No Variations]"
Add component (AddParameter): Name = "Material"; Value = "FR-07"; VariantName = "[No Variations]"
Add component (AddParameter): Name = "Part Number"; Value = "RC0805FR0720RL"; VariantName = "[No Variations]"
Add component (AddParameter): Name = "Rated Voltage"; Value = "0.125W"; VariantName = "[No Variations]"
Add component (AddParameter): Name = "Tolerance"; Value = "0.01"; VariantName = "[No Variations]"
Add component (AddParameter): Name = "Value"; Value = "20R"; VariantName = "[No Variations]"
Added Component: Designator=R38(0805)
Add component (AddParameter): Name = "Manufacturer"; Value = "YAGEO"; VariantName = "[No Variations]"
Add component (AddParameter): Name = "Material"; Value = "FR-07"; VariantName = "[No Variations]"
Add component (AddParameter): Name = "Part Number"; Value = "RC0805FR075K1L"; VariantName = "[No Variations]"
Add component (AddParameter): Name = "Rated Voltage"; Value = "0.125W"; VariantName = "[No Variations]"
Add component (AddParameter): Name = "Tolerance"; Value = "0.01"; VariantName = "[No Variations]"
Add component (AddParameter): Name = "Value"; Value = "5.1k"; VariantName = "[No Variations]"
Added Component: Designator=R39(0805)
Add component (AddParameter): Name = "Manufacturer"; Value = "YAGEO"; VariantName = "[No Variations]"
Add component (AddParameter): Name = "Material"; Value = "FR-07"; VariantName = "[No Variations]"
Add component (AddParameter): Name = "Part Number"; Value = "RC0805FR075K1L"; VariantName = "[No Variations]"
Add component (AddParameter): Name = "Rated Voltage"; Value = "0.125W"; VariantName = "[No Variations]"
Add component (AddParameter): Name = "Tolerance"; Value = "0.01"; VariantName = "[No Variations]"
Add component (AddParameter): Name = "Value"; Value = "5.1k"; VariantName = "[No Variations]"
Added Pin To Net: NetName=5V (ISO) Pin=D10-K
Added Pin To Net: NetName=0V (ISO) Pin=P6-A1
Added Pin To Net: NetName=0V (ISO) Pin=P6-A12
Added Pin To Net: NetName=0V (ISO) Pin=P6-B1
Added Pin To Net: NetName=0V (ISO) Pin=P6-B12
Added Pin To Net: NetName=0V (ISO) Pin=P6-P1
Added Pin To Net: NetName=USBDP Pin=R35-1
Added Pin To Net: NetName=5V (ISO) Pin=R35-2
Added Pin To Net: NetName=USBDP Pin=R36-2
Added Pin To Net: NetName=USBDM Pin=R37-2
Added Pin To Net: NetName=0V (ISO) Pin=R38-2
Added Pin To Net: NetName=0V (ISO) Pin=R39-2
Added Pin To Net: NetName=NetD10_A Pin=D10-A
Added Pin To Net: NetName=NetD10_A Pin=P6-A4
Added Pin To Net: NetName=NetD10_A Pin=P6-A9
Added Pin To Net: NetName=NetD10_A Pin=P6-B4
Added Pin To Net: NetName=NetD10_A Pin=P6-B9
Added Net: Name=NetD10_A
Added Pin To Net: NetName=NetP6_A5 Pin=P6-A5
Added Pin To Net: NetName=NetP6_A5 Pin=R38-1
Added Net: Name=NetP6_A5
Added Pin To Net: NetName=NetP6_A6 Pin=P6-A6
Added Pin To Net: NetName=NetP6_A6 Pin=P6-B6
Added Pin To Net: NetName=NetP6_A6 Pin=R36-1
Added Net: Name=NetP6_A6
Added Pin To Net: NetName=NetP6_A7 Pin=P6-A7
Added Pin To Net: NetName=NetP6_A7 Pin=P6-B7
Added Pin To Net: NetName=NetP6_A7 Pin=R37-1
Added Net: Name=NetP6_A7
Added Pin To Net: NetName=NetP6_B5 Pin=P6-B5
Added Pin To Net: NetName=NetP6_B5 Pin=R39-1
Added Net: Name=NetP6_B5
Added Member To Class: ClassName=U_Microcontroller Member=Component D10 SD560BTR
Added Member To Class: ClassName=U_Microcontroller Member=Component P6 USB4085-GF-A
Added Member To Class: ClassName=U_Digital Inputs Member=Component R3 10k
Added Member To Class: ClassName=U_Microcontroller Member=Component R35 1.5k
Added Member To Class: ClassName=U_Microcontroller Member=Component R36 20R
Added Member To Class: ClassName=U_Microcontroller Member=Component R37 20R
Added Member To Class: ClassName=U_Microcontroller Member=Component R38 5.1k
Added Member To Class: ClassName=U_Microcontroller Member=Component R39 5.1k
