Removed Pin From Net: NetName=GLV+ Pin=F1-1
Removed Pin From Net: NetName=GLV+ Pin=GLV+-1
Removed Pin From Net: NetName=GLV+ Pin=P1-12
Removed Pin From Net: NetName=GLV+ Pin=P2-1
Removed Pin From Net: NetName=GLV+ Pin=P2-3
Removed Pin From Net: NetName=0V Pin=P3-3
Removed Pin From Net: NetName=0V Pin=P3-4
Removed Pin From Net: NetName=Sensor 1 Pin=R11_U_Input Filter1-1
Removed Pin From Net: NetName=Sensor 2 Pin=R11_U_Input Filter2-1
Removed Pin From Net: NetName=Sensor 3 Pin=R11_U_Input Filter3-1
Removed Pin From Net: NetName=Sensor 4 Pin=R11_U_Input Filter4-1
Change Component Comment : Designator=P2 Old Comment=2.54mm New Comment=DTP13-4P
Change Component Comment : Designator=P3 Old Comment=2.54mm New Comment=DTP13-4P
Change Component Comment : Designator=P4 Old Comment=2.54mm New Comment=DTP13-4P
Change Component Comment : Designator=P5 Old Comment=2.54mm New Comment=DTP13-4P
Change Component Designator: OldDesignator=GLV+ NewDesignator=GLV+ TP1
Change Component Designator: OldDesignator=GLV- NewDesignator=GLV- TP1
Change component parameters: Designator = "P2" ("P2"); Footprint = "TH 5.08mm Header 1x4"; UniqueID = "\KIEAMPXK" ("\KIEAMPXK")
Change component parameters (AddParameter): Name = "Angle"; Value = "90"; VariantName = "[No Variations]"
Change component parameters (AddParameter): Name = "Flange"; Value = "Yes"; VariantName = "[No Variations]"
Change component parameters (AddParameter): Name = "Part Number"; Value = "DTP13-4P"; VariantName = "[No Variations]"
Change component parameters (AddParameter): Name = "Pitch"; Value = "6.7mm"; VariantName = "[No Variations]"
Change component parameters (AddParameter): Name = "Positions"; Value = "4"; VariantName = "[No Variations]"
Change component parameters: Designator = "P3" ("P3"); Footprint = "TH 5.08mm Header 1x4"; UniqueID = "\XWLNOMET" ("\XWLNOMET")
Change component parameters (AddParameter): Name = "Angle"; Value = "90"; VariantName = "[No Variations]"
Change component parameters (AddParameter): Name = "Flange"; Value = "Yes"; VariantName = "[No Variations]"
Change component parameters (AddParameter): Name = "Part Number"; Value = "DTP13-4P"; VariantName = "[No Variations]"
Change component parameters (AddParameter): Name = "Pitch"; Value = "6.7mm"; VariantName = "[No Variations]"
Change component parameters (AddParameter): Name = "Positions"; Value = "4"; VariantName = "[No Variations]"
Change component parameters: Designator = "P4" ("P4"); Footprint = "TH 5.08mm Header 1x4"; UniqueID = "\MYOEQRGT" ("\MYOEQRGT")
Change component parameters (AddParameter): Name = "Angle"; Value = "90"; VariantName = "[No Variations]"
Change component parameters (AddParameter): Name = "Flange"; Value = "Yes"; VariantName = "[No Variations]"
Change component parameters (AddParameter): Name = "Part Number"; Value = "DTP13-4P"; VariantName = "[No Variations]"
Change component parameters (AddParameter): Name = "Pitch"; Value = "6.7mm"; VariantName = "[No Variations]"
Change component parameters (AddParameter): Name = "Positions"; Value = "4"; VariantName = "[No Variations]"
Change component parameters: Designator = "P5" ("P5"); Footprint = "TH 5.08mm Header 1x4"; UniqueID = "\CKOPXGMG" ("\CKOPXGMG")
Change component parameters (AddParameter): Name = "Angle"; Value = "90"; VariantName = "[No Variations]"
Change component parameters (AddParameter): Name = "Flange"; Value = "Yes"; VariantName = "[No Variations]"
Change component parameters (AddParameter): Name = "Part Number"; Value = "DTP13-4P"; VariantName = "[No Variations]"
Change component parameters (AddParameter): Name = "Pitch"; Value = "6.7mm"; VariantName = "[No Variations]"
Change component parameters (AddParameter): Name = "Positions"; Value = "4"; VariantName = "[No Variations]"
Added Pin To Net: NetName=GLV- Pin=P2-3
Added Pin To Net: NetName=Sensor 4 Pin=R11_U_Input Filter1-1
Added Pin To Net: NetName=Sensor 3 Pin=R11_U_Input Filter2-1
Added Pin To Net: NetName=Sensor 2 Pin=R11_U_Input Filter3-1
Added Pin To Net: NetName=Sensor 1 Pin=R11_U_Input Filter4-1
